<?xml version="1.0" encoding="UTF-8"?>
<coverage generated="1773730588111" clover="3.2.0">
  <project timestamp="1773730588111" name="All files">
    <metrics statements="608" coveredstatements="484" conditionals="306" coveredconditionals="180" methods="205" coveredmethods="136" elements="1119" coveredelements="800" complexity="0" loc="608" ncloc="608" packages="9" files="31" classes="31"/>
    <package name="src">
      <metrics statements="8" coveredstatements="8" conditionals="0" coveredconditionals="0" methods="6" coveredmethods="3"/>
      <file name="App.tsx" path="/home/g0dsssp33d/work/projects/albion-market-insights/src/App.tsx">
        <metrics statements="8" coveredstatements="8" conditionals="0" coveredconditionals="0" methods="6" coveredmethods="3"/>
        <line num="10" count="1" type="stmt"/>
        <line num="11" count="1" type="stmt"/>
        <line num="12" count="1" type="stmt"/>
        <line num="13" count="1" type="stmt"/>
        <line num="15" count="1" type="stmt"/>
        <line num="18" count="2" type="stmt"/>
        <line num="19" count="2" type="stmt"/>
        <line num="22" count="2" type="stmt"/>
      </file>
    </package>
    <package name="src.components.alerts">
      <metrics statements="50" coveredstatements="33" conditionals="53" coveredconditionals="23" methods="26" coveredmethods="18"/>
      <file name="AlertsManager.tsx" path="/home/g0dsssp33d/work/projects/albion-market-insights/src/components/alerts/AlertsManager.tsx">
        <metrics statements="50" coveredstatements="33" conditionals="53" coveredconditionals="23" methods="26" coveredmethods="18"/>
        <line num="57" count="20" type="stmt"/>
        <line num="58" count="20" type="stmt"/>
        <line num="60" count="20" type="stmt"/>
        <line num="71" count="20" type="stmt"/>
        <line num="73" count="20" type="stmt"/>
        <line num="74" count="1" type="stmt"/>
        <line num="75" count="1" type="stmt"/>
        <line num="81" count="20" type="stmt"/>
        <line num="82" count="1" type="stmt"/>
        <line num="83" count="1" type="stmt"/>
        <line num="90" count="20" type="stmt"/>
        <line num="91" count="0" type="stmt"/>
        <line num="92" count="0" type="stmt"/>
        <line num="104" count="0" type="stmt"/>
        <line num="105" count="0" type="stmt"/>
        <line num="106" count="0" type="stmt"/>
        <line num="108" count="0" type="stmt"/>
        <line num="117" count="20" type="stmt"/>
        <line num="118" count="8" type="cond" truecount="1" falsecount="3"/>
        <line num="119" count="8" type="stmt"/>
        <line num="120" count="0" type="stmt"/>
        <line num="121" count="0" type="stmt"/>
        <line num="122" count="0" type="stmt"/>
        <line num="126" count="20" type="stmt"/>
        <line num="127" count="8" type="cond" truecount="1" falsecount="2"/>
        <line num="128" count="8" type="stmt"/>
        <line num="129" count="0" type="stmt"/>
        <line num="130" count="0" type="stmt"/>
        <line num="134" count="20" type="stmt"/>
        <line num="135" count="40" type="stmt"/>
        <line num="138" count="20" type="stmt"/>
        <line num="150" count="2" type="stmt"/>
        <line num="151" count="2" type="cond" truecount="1" falsecount="1"/>
        <line num="174" count="4" type="stmt"/>
        <line num="184" count="8" type="stmt"/>
        <line num="205" count="4" type="stmt"/>
        <line num="216" count="28" type="stmt"/>
        <line num="230" count="4" type="stmt"/>
        <line num="239" count="0" type="stmt"/>
        <line num="249" count="0" type="stmt"/>
        <line num="259" count="0" type="stmt"/>
        <line num="276" count="4" type="stmt"/>
        <line num="287" count="0" type="cond" truecount="0" falsecount="2"/>
        <line num="306" count="4" type="stmt"/>
        <line num="323" count="4" type="stmt"/>
        <line num="340" count="0" type="stmt"/>
        <line num="375" count="0" type="stmt"/>
        <line num="384" count="8" type="stmt"/>
        <line num="430" count="1" type="stmt"/>
        <line num="442" count="1" type="stmt"/>
      </file>
    </package>
    <package name="src.components.dashboard">
      <metrics statements="110" coveredstatements="67" conditionals="88" coveredconditionals="47" methods="43" coveredmethods="17"/>
      <file name="PriceTable.tsx" path="/home/g0dsssp33d/work/projects/albion-market-insights/src/components/dashboard/PriceTable.tsx">
        <metrics statements="110" coveredstatements="67" conditionals="88" coveredconditionals="47" methods="43" coveredmethods="17"/>
        <line num="35" count="30" type="stmt"/>
        <line num="36" count="30" type="stmt"/>
        <line num="37" count="30" type="stmt"/>
        <line num="38" count="30" type="stmt"/>
        <line num="39" count="30" type="stmt"/>
        <line num="40" count="30" type="stmt"/>
        <line num="41" count="30" type="stmt"/>
        <line num="42" count="30" type="stmt"/>
        <line num="43" count="30" type="stmt"/>
        <line num="44" count="30" type="stmt"/>
        <line num="45" count="30" type="stmt"/>
        <line num="46" count="30" type="stmt"/>
        <line num="47" count="30" type="stmt"/>
        <line num="48" count="30" type="stmt"/>
        <line num="50" count="30" type="stmt"/>
        <line num="51" count="30" type="stmt"/>
        <line num="54" count="30" type="cond" truecount="1" falsecount="1"/>
        <line num="55" count="0" type="stmt"/>
        <line num="56" count="0" type="stmt"/>
        <line num="59" count="30" type="cond" truecount="1" falsecount="1"/>
        <line num="60" count="0" type="stmt"/>
        <line num="61" count="0" type="stmt"/>
        <line num="63" count="0" type="cond" truecount="0" falsecount="2"/>
        <line num="68" count="30" type="cond" truecount="1" falsecount="1"/>
        <line num="69" count="0" type="stmt"/>
        <line num="72" count="30" type="cond" truecount="1" falsecount="1"/>
        <line num="73" count="0" type="stmt"/>
        <line num="76" count="30" type="cond" truecount="1" falsecount="1"/>
        <line num="77" count="0" type="stmt"/>
        <line num="80" count="30" type="cond" truecount="1" falsecount="1"/>
        <line num="81" count="0" type="stmt"/>
        <line num="82" count="0" type="stmt"/>
        <line num="83" count="0" type="stmt"/>
        <line num="84" count="0" type="cond" truecount="0" falsecount="2"/>
        <line num="88" count="30" type="cond" truecount="2" falsecount="0"/>
        <line num="89" count="36" type="stmt"/>
        <line num="92" count="30" type="cond" truecount="1" falsecount="1"/>
        <line num="93" count="0" type="stmt"/>
        <line num="96" count="30" type="cond" truecount="2" falsecount="0"/>
        <line num="97" count="4" type="stmt"/>
        <line num="100" count="30" type="cond" truecount="1" falsecount="1"/>
        <line num="101" count="0" type="stmt"/>
        <line num="105" count="30" type="stmt"/>
        <line num="106" count="27" type="stmt"/>
        <line num="107" count="27" type="stmt"/>
        <line num="109" count="27" type="cond" truecount="2" falsecount="2"/>
        <line num="110" count="0" type="cond" truecount="0" falsecount="2"/>
        <line num="115" count="27" type="cond" truecount="3" falsecount="1"/>
        <line num="116" count="27" type="cond" truecount="1" falsecount="1"/>
        <line num="119" count="0" type="stmt"/>
        <line num="122" count="30" type="stmt"/>
        <line num="125" count="30" type="stmt"/>
        <line num="126" count="30" type="stmt"/>
        <line num="131" count="30" type="stmt"/>
        <line num="132" count="0" type="cond" truecount="0" falsecount="2"/>
        <line num="133" count="0" type="cond" truecount="0" falsecount="2"/>
        <line num="135" count="0" type="stmt"/>
        <line num="136" count="0" type="stmt"/>
        <line num="140" count="30" type="stmt"/>
        <line num="141" count="171" type="stmt"/>
        <line num="144" count="30" type="stmt"/>
        <line num="145" count="57" type="stmt"/>
        <line num="146" count="57" type="stmt"/>
        <line num="147" count="57" type="stmt"/>
        <line num="149" count="57" type="cond" truecount="1" falsecount="1"/>
        <line num="150" count="0" type="cond" truecount="0" falsecount="2"/>
        <line num="151" count="0" type="stmt"/>
        <line num="154" count="30" type="stmt"/>
        <line num="155" count="180" type="cond" truecount="2" falsecount="0"/>
        <line num="156" count="30" type="cond" truecount="1" falsecount="1"/>
        <line num="161" count="30" type="stmt"/>
        <line num="162" count="1" type="stmt"/>
        <line num="163" count="1" type="stmt"/>
        <line num="164" count="1" type="stmt"/>
        <line num="165" count="1" type="stmt"/>
        <line num="166" count="1" type="stmt"/>
        <line num="167" count="1" type="stmt"/>
        <line num="168" count="1" type="stmt"/>
        <line num="169" count="1" type="stmt"/>
        <line num="170" count="1" type="stmt"/>
        <line num="173" count="30" type="stmt"/>
        <line num="183" count="0" type="stmt"/>
        <line num="189" count="0" type="stmt"/>
        <line num="195" count="510" type="stmt"/>
        <line num="208" count="210" type="stmt"/>
        <line num="220" count="150" type="stmt"/>
        <line num="232" count="150" type="stmt"/>
        <line num="244" count="120" type="stmt"/>
        <line num="257" count="18" type="stmt"/>
        <line num="264" count="0" type="stmt"/>
        <line num="274" count="2" type="stmt"/>
        <line num="281" count="0" type="stmt"/>
        <line num="322" count="0" type="stmt"/>
        <line num="330" count="0" type="stmt"/>
        <line num="338" count="0" type="stmt"/>
        <line num="346" count="0" type="stmt"/>
        <line num="354" count="0" type="stmt"/>
        <line num="365" count="0" type="stmt"/>
        <line num="384" count="57" type="stmt"/>
        <line num="450" count="0" type="stmt"/>
        <line num="458" count="0" type="cond" truecount="0" falsecount="2"/>
        <line num="459" count="0" type="stmt"/>
        <line num="460" count="0" type="cond" truecount="0" falsecount="2"/>
        <line num="461" count="0" type="stmt"/>
        <line num="462" count="0" type="cond" truecount="0" falsecount="2"/>
        <line num="463" count="0" type="stmt"/>
        <line num="465" count="0" type="stmt"/>
        <line num="468" count="0" type="stmt"/>
        <line num="473" count="0" type="stmt"/>
        <line num="487" count="0" type="stmt"/>
      </file>
    </package>
    <package name="src.components.ui">
      <metrics statements="143" coveredstatements="131" conditionals="41" coveredconditionals="26" methods="36" coveredmethods="26"/>
      <file name="button.tsx" path="/home/g0dsssp33d/work/projects/albion-market-insights/src/components/ui/button.tsx">
        <metrics statements="5" coveredstatements="5" conditionals="3" coveredconditionals="3" methods="1" coveredmethods="1"/>
        <line num="7" count="4" type="stmt"/>
        <line num="39" count="4" type="stmt"/>
        <line num="41" count="92" type="cond" truecount="2" falsecount="0"/>
        <line num="42" count="92" type="stmt"/>
        <line num="45" count="4" type="stmt"/>
      </file>
      <file name="checkbox.tsx" path="/home/g0dsssp33d/work/projects/albion-market-insights/src/components/ui/checkbox.tsx">
        <metrics statements="3" coveredstatements="3" conditionals="0" coveredconditionals="0" methods="1" coveredmethods="1"/>
        <line num="7" count="1" type="stmt"/>
        <line num="10" count="8" type="stmt"/>
        <line num="24" count="1" type="stmt"/>
      </file>
      <file name="dialog.tsx" path="/home/g0dsssp33d/work/projects/albion-market-insights/src/components/ui/dialog.tsx">
        <metrics statements="20" coveredstatements="20" conditionals="0" coveredconditionals="0" methods="6" coveredmethods="6"/>
        <line num="7" count="1" type="stmt"/>
        <line num="9" count="1" type="stmt"/>
        <line num="11" count="1" type="stmt"/>
        <line num="13" count="1" type="stmt"/>
        <line num="15" count="1" type="stmt"/>
        <line num="18" count="6" type="stmt"/>
        <line num="28" count="1" type="stmt"/>
        <line num="30" count="1" type="stmt"/>
        <line num="33" count="20" type="stmt"/>
        <line num="52" count="1" type="stmt"/>
        <line num="54" count="4" type="stmt"/>
        <line num="57" count="1" type="stmt"/>
        <line num="59" count="4" type="stmt"/>
        <line num="62" count="1" type="stmt"/>
        <line num="64" count="1" type="stmt"/>
        <line num="67" count="4" type="stmt"/>
        <line num="74" count="1" type="stmt"/>
        <line num="76" count="1" type="stmt"/>
        <line num="79" count="4" type="stmt"/>
        <line num="82" count="1" type="stmt"/>
      </file>
      <file name="form.tsx" path="/home/g0dsssp33d/work/projects/albion-market-insights/src/components/ui/form.tsx">
        <metrics statements="37" coveredstatements="34" conditionals="10" coveredconditionals="9" methods="7" coveredmethods="6"/>
        <line num="9" count="1" type="stmt"/>
        <line num="18" count="1" type="stmt"/>
        <line num="20" count="1" type="stmt"/>
        <line num="26" count="16" type="stmt"/>
        <line num="33" count="1" type="stmt"/>
        <line num="34" count="52" type="stmt"/>
        <line num="35" count="52" type="stmt"/>
        <line num="36" count="52" type="stmt"/>
        <line num="38" count="52" type="stmt"/>
        <line num="40" count="52" type="cond" truecount="1" falsecount="1"/>
        <line num="41" count="0" type="stmt"/>
        <line num="44" count="52" type="stmt"/>
        <line num="46" count="52" type="stmt"/>
        <line num="60" count="1" type="stmt"/>
        <line num="62" count="1" type="stmt"/>
        <line num="64" count="16" type="stmt"/>
        <line num="66" count="16" type="stmt"/>
        <line num="73" count="1" type="stmt"/>
        <line num="75" count="1" type="stmt"/>
        <line num="79" count="20" type="stmt"/>
        <line num="81" count="20" type="cond" truecount="2" falsecount="0"/>
        <line num="83" count="1" type="stmt"/>
        <line num="85" count="1" type="stmt"/>
        <line num="87" count="16" type="stmt"/>
        <line num="89" count="16" type="stmt"/>
        <line num="100" count="1" type="stmt"/>
        <line num="102" count="1" type="stmt"/>
        <line num="104" count="0" type="stmt"/>
        <line num="106" count="0" type="stmt"/>
        <line num="109" count="1" type="stmt"/>
        <line num="111" count="1" type="stmt"/>
        <line num="113" count="16" type="stmt"/>
        <line num="114" count="16" type="cond" truecount="2" falsecount="0"/>
        <line num="116" count="16" type="cond" truecount="2" falsecount="0"/>
        <line num="117" count="12" type="stmt"/>
        <line num="120" count="4" type="stmt"/>
        <line num="127" count="1" type="stmt"/>
      </file>
      <file name="input.tsx" path="/home/g0dsssp33d/work/projects/albion-market-insights/src/components/ui/input.tsx">
        <metrics statements="3" coveredstatements="3" conditionals="0" coveredconditionals="0" methods="1" coveredmethods="1"/>
        <line num="5" count="2" type="stmt"/>
        <line num="7" count="154" type="stmt"/>
        <line num="20" count="2" type="stmt"/>
      </file>
      <file name="label.tsx" path="/home/g0dsssp33d/work/projects/albion-market-insights/src/components/ui/label.tsx">
        <metrics statements="4" coveredstatements="4" conditionals="0" coveredconditionals="0" methods="1" coveredmethods="1"/>
        <line num="7" count="1" type="stmt"/>
        <line num="9" count="1" type="stmt"/>
        <line num="12" count="20" type="stmt"/>
        <line num="15" count="1" type="stmt"/>
      </file>
      <file name="select.tsx" path="/home/g0dsssp33d/work/projects/albion-market-insights/src/components/ui/select.tsx">
        <metrics statements="24" coveredstatements="22" conditionals="5" coveredconditionals="5" methods="7" coveredmethods="5"/>
        <line num="7" count="2" type="stmt"/>
        <line num="9" count="2" type="stmt"/>
        <line num="11" count="2" type="stmt"/>
        <line num="13" count="2" type="stmt"/>
        <line num="16" count="158" type="stmt"/>
        <line num="31" count="2" type="stmt"/>
        <line num="33" count="2" type="stmt"/>
        <line num="36" count="158" type="stmt"/>
        <line num="45" count="2" type="stmt"/>
        <line num="47" count="2" type="stmt"/>
        <line num="50" count="158" type="stmt"/>
        <line num="59" count="2" type="stmt"/>
        <line num="61" count="2" type="stmt"/>
        <line num="64" count="158" type="cond" truecount="1" falsecount="0"/>
        <line num="91" count="2" type="stmt"/>
        <line num="93" count="2" type="stmt"/>
        <line num="96" count="0" type="stmt"/>
        <line num="99" count="2" type="stmt"/>
        <line num="101" count="2" type="stmt"/>
        <line num="104" count="1330" type="stmt"/>
        <line num="122" count="2" type="stmt"/>
        <line num="124" count="2" type="stmt"/>
        <line num="127" count="0" type="stmt"/>
        <line num="130" count="2" type="stmt"/>
      </file>
      <file name="sonner.tsx" path="/home/g0dsssp33d/work/projects/albion-market-insights/src/components/ui/sonner.tsx">
        <metrics statements="3" coveredstatements="3" conditionals="1" coveredconditionals="1" methods="1" coveredmethods="1"/>
        <line num="6" count="1" type="stmt"/>
        <line num="7" count="2" type="cond" truecount="1" falsecount="0"/>
        <line num="9" count="2" type="stmt"/>
      </file>
      <file name="sparkline.tsx" path="/home/g0dsssp33d/work/projects/albion-market-insights/src/components/ui/sparkline.tsx">
        <metrics statements="15" coveredstatements="15" conditionals="17" coveredconditionals="8" methods="2" coveredmethods="2"/>
        <line num="10" count="57" type="cond" truecount="3" falsecount="1"/>
        <line num="12" count="57" type="stmt"/>
        <line num="13" count="57" type="stmt"/>
        <line num="14" count="57" type="cond" truecount="1" falsecount="1"/>
        <line num="16" count="57" type="stmt"/>
        <line num="17" count="57" type="stmt"/>
        <line num="18" count="57" type="stmt"/>
        <line num="20" count="57" type="stmt"/>
        <line num="21" count="171" type="stmt"/>
        <line num="22" count="171" type="stmt"/>
        <line num="23" count="171" type="stmt"/>
        <line num="26" count="57" type="cond" truecount="1" falsecount="3"/>
        <line num="27" count="57" type="cond" truecount="1" falsecount="1"/>
        <line num="29" count="57" type="cond" truecount="1" falsecount="1"/>
        <line num="35" count="57" type="stmt"/>
      </file>
      <file name="toast.tsx" path="/home/g0dsssp33d/work/projects/albion-market-insights/src/components/ui/toast.tsx">
        <metrics statements="20" coveredstatements="15" conditionals="0" coveredconditionals="0" methods="6" coveredmethods="1"/>
        <line num="8" count="1" type="stmt"/>
        <line num="10" count="1" type="stmt"/>
        <line num="13" count="2" type="stmt"/>
        <line num="23" count="1" type="stmt"/>
        <line num="25" count="1" type="stmt"/>
        <line num="40" count="1" type="stmt"/>
        <line num="44" count="0" type="stmt"/>
        <line num="46" count="1" type="stmt"/>
        <line num="48" count="1" type="stmt"/>
        <line num="51" count="0" type="stmt"/>
        <line num="61" count="1" type="stmt"/>
        <line num="63" count="1" type="stmt"/>
        <line num="66" count="0" type="stmt"/>
        <line num="79" count="1" type="stmt"/>
        <line num="81" count="1" type="stmt"/>
        <line num="84" count="0" type="stmt"/>
        <line num="87" count="1" type="stmt"/>
        <line num="89" count="1" type="stmt"/>
        <line num="92" count="0" type="stmt"/>
        <line num="95" count="1" type="stmt"/>
      </file>
      <file name="toaster.tsx" path="/home/g0dsssp33d/work/projects/albion-market-insights/src/components/ui/toaster.tsx">
        <metrics statements="3" coveredstatements="2" conditionals="4" coveredconditionals="0" methods="2" coveredmethods="1"/>
        <line num="5" count="2" type="stmt"/>
        <line num="7" count="2" type="stmt"/>
        <line num="10" count="0" type="stmt"/>
      </file>
      <file name="tooltip.tsx" path="/home/g0dsssp33d/work/projects/albion-market-insights/src/components/ui/tooltip.tsx">
        <metrics statements="6" coveredstatements="5" conditionals="1" coveredconditionals="0" methods="1" coveredmethods="0"/>
        <line num="6" count="1" type="stmt"/>
        <line num="8" count="1" type="stmt"/>
        <line num="10" count="1" type="stmt"/>
        <line num="12" count="1" type="stmt"/>
        <line num="15" count="0" type="cond" truecount="0" falsecount="1"/>
        <line num="26" count="1" type="stmt"/>
      </file>
    </package>
    <package name="src.data">
      <metrics statements="42" coveredstatements="39" conditionals="11" coveredconditionals="9" methods="12" coveredmethods="11"/>
      <file name="constants.ts" path="/home/g0dsssp33d/work/projects/albion-market-insights/src/data/constants.ts">
        <metrics statements="22" coveredstatements="19" conditionals="10" coveredconditionals="8" methods="7" coveredmethods="6"/>
        <line num="1" count="7" type="stmt"/>
        <line num="11" count="7" type="stmt"/>
        <line num="13" count="7" type="stmt"/>
        <line num="15" count="7" type="stmt"/>
        <line num="42" count="112" type="stmt"/>
        <line num="43" count="560" type="stmt"/>
        <line num="44" count="2975" type="stmt"/>
        <line num="45" count="11900" type="cond" truecount="2" falsecount="0"/>
        <line num="51" count="7" type="stmt"/>
        <line num="161" count="119" type="stmt"/>
        <line num="163" count="7" type="stmt"/>
        <line num="256" count="7" type="stmt"/>
        <line num="258" count="12075" type="cond" truecount="1" falsecount="1"/>
        <line num="260" count="12075" type="stmt"/>
        <line num="261" count="12075" type="cond" truecount="2" falsecount="0"/>
        <line num="262" count="12075" type="stmt"/>
        <line num="263" count="12075" type="stmt"/>
        <line num="264" count="12075" type="cond" truecount="2" falsecount="0"/>
        <line num="265" count="12075" type="cond" truecount="1" falsecount="1"/>
        <line num="266" count="0" type="stmt"/>
        <line num="268" count="0" type="stmt"/>
        <line num="269" count="0" type="stmt"/>
      </file>
      <file name="mockData.ts" path="/home/g0dsssp33d/work/projects/albion-market-insights/src/data/mockData.ts">
        <metrics statements="20" coveredstatements="20" conditionals="1" coveredconditionals="1" methods="5" coveredmethods="5"/>
        <line num="7" count="5" type="stmt"/>
        <line num="31" count="500" type="stmt"/>
        <line num="32" count="500" type="stmt"/>
        <line num="33" count="3500" type="stmt"/>
        <line num="38" count="500" type="stmt"/>
        <line num="39" count="500" type="stmt"/>
        <line num="40" count="500" type="stmt"/>
        <line num="41" count="500" type="stmt"/>
        <line num="45" count="5" type="stmt"/>
        <line num="47" count="5" type="stmt"/>
        <line num="48" count="500" type="stmt"/>
        <line num="49" count="500" type="stmt"/>
        <line num="50" count="500" type="stmt"/>
        <line num="51" count="500" type="stmt"/>
        <line num="53" count="500" type="stmt"/>
        <line num="68" count="2682" type="stmt"/>
        <line num="71" count="5" type="stmt"/>
        <line num="73" count="5" type="stmt"/>
        <line num="109" count="5" type="stmt"/>
        <line num="111" count="5" type="stmt"/>
      </file>
    </package>
    <package name="src.hooks">
      <metrics statements="77" coveredstatements="39" conditionals="35" coveredconditionals="7" methods="30" coveredmethods="14"/>
      <file name="use-toast.ts" path="/home/g0dsssp33d/work/projects/albion-market-insights/src/hooks/use-toast.ts">
        <metrics statements="51" coveredstatements="29" conditionals="20" coveredconditionals="2" methods="18" coveredmethods="8"/>
        <line num="5" count="2" type="stmt"/>
        <line num="6" count="2" type="stmt"/>
        <line num="15" count="2" type="stmt"/>
        <line num="22" count="2" type="stmt"/>
        <line num="25" count="2" type="stmt"/>
        <line num="26" count="2" type="stmt"/>
        <line num="53" count="2" type="stmt"/>
        <line num="55" count="2" type="stmt"/>
        <line num="56" count="0" type="cond" truecount="0" falsecount="2"/>
        <line num="57" count="0" type="stmt"/>
        <line num="60" count="0" type="stmt"/>
        <line num="61" count="0" type="stmt"/>
        <line num="62" count="0" type="stmt"/>
        <line num="68" count="0" type="stmt"/>
        <line num="71" count="2" type="stmt"/>
        <line num="72" count="2" type="cond" truecount="1" falsecount="3"/>
        <line num="74" count="2" type="stmt"/>
        <line num="80" count="0" type="stmt"/>
        <line num="82" count="0" type="cond" truecount="0" falsecount="2"/>
        <line num="86" count="0" type="stmt"/>
        <line num="90" count="0" type="cond" truecount="0" falsecount="2"/>
        <line num="91" count="0" type="stmt"/>
        <line num="93" count="0" type="stmt"/>
        <line num="94" count="0" type="stmt"/>
        <line num="98" count="0" type="stmt"/>
        <line num="101" count="0" type="cond" truecount="0" falsecount="4"/>
        <line num="111" count="0" type="cond" truecount="0" falsecount="2"/>
        <line num="112" count="0" type="stmt"/>
        <line num="117" count="0" type="stmt"/>
        <line num="119" count="0" type="stmt"/>
        <line num="124" count="2" type="stmt"/>
        <line num="126" count="2" type="stmt"/>
        <line num="129" count="2" type="stmt"/>
        <line num="130" count="2" type="stmt"/>
        <line num="131" count="2" type="stmt"/>
        <line num="138" count="2" type="stmt"/>
        <line num="140" count="2" type="stmt"/>
        <line num="141" count="0" type="stmt"/>
        <line num="145" count="2" type="stmt"/>
        <line num="147" count="2" type="stmt"/>
        <line num="154" count="0" type="cond" truecount="0" falsecount="2"/>
        <line num="159" count="2" type="stmt"/>
        <line num="167" count="22" type="stmt"/>
        <line num="169" count="22" type="stmt"/>
        <line num="170" count="11" type="stmt"/>
        <line num="171" count="11" type="stmt"/>
        <line num="172" count="11" type="stmt"/>
        <line num="173" count="11" type="cond" truecount="1" falsecount="1"/>
        <line num="174" count="11" type="stmt"/>
        <line num="179" count="22" type="stmt"/>
        <line num="182" count="0" type="stmt"/>
      </file>
      <file name="useAlertPoller.ts" path="/home/g0dsssp33d/work/projects/albion-market-insights/src/hooks/useAlertPoller.ts">
        <metrics statements="14" coveredstatements="6" conditionals="14" coveredconditionals="4" methods="2" coveredmethods="2"/>
        <line num="7" count="1" type="stmt"/>
        <line num="10" count="2" type="cond" truecount="1" falsecount="0"/>
        <line num="11" count="2" type="cond" truecount="1" falsecount="0"/>
        <line num="14" count="2" type="stmt"/>
        <line num="16" count="2" type="stmt"/>
        <line num="17" count="2" type="cond" truecount="2" falsecount="2"/>
        <line num="19" count="0" type="stmt"/>
        <line num="20" count="0" type="stmt"/>
        <line num="22" count="0" type="stmt"/>
        <line num="23" count="0" type="cond" truecount="0" falsecount="2"/>
        <line num="24" count="0" type="cond" truecount="0" falsecount="2"/>
        <line num="26" count="0" type="stmt"/>
        <line num="29" count="0" type="cond" truecount="0" falsecount="2"/>
        <line num="35" count="0" type="stmt"/>
      </file>
      <file name="useAlerts.ts" path="/home/g0dsssp33d/work/projects/albion-market-insights/src/hooks/useAlerts.ts">
        <metrics statements="10" coveredstatements="2" conditionals="0" coveredconditionals="0" methods="8" coveredmethods="2"/>
        <line num="6" count="2" type="stmt"/>
        <line num="8" count="2" type="stmt"/>
        <line num="14" count="0" type="stmt"/>
        <line num="15" count="0" type="stmt"/>
        <line num="16" count="0" type="stmt"/>
        <line num="18" count="0" type="stmt"/>
        <line num="24" count="0" type="stmt"/>
        <line num="25" count="0" type="stmt"/>
        <line num="26" count="0" type="stmt"/>
        <line num="28" count="0" type="stmt"/>
      </file>
      <file name="useMarketItems.ts" path="/home/g0dsssp33d/work/projects/albion-market-insights/src/hooks/useMarketItems.ts">
        <metrics statements="2" coveredstatements="2" conditionals="1" coveredconditionals="1" methods="2" coveredmethods="2"/>
        <line num="9" count="9" type="stmt"/>
        <line num="11" count="5" type="stmt"/>
      </file>
    </package>
    <package name="src.lib">
      <metrics statements="2" coveredstatements="2" conditionals="0" coveredconditionals="0" methods="1" coveredmethods="1"/>
      <file name="schemas.ts" path="/home/g0dsssp33d/work/projects/albion-market-insights/src/lib/schemas.ts">
        <metrics statements="1" coveredstatements="1" conditionals="0" coveredconditionals="0" methods="0" coveredmethods="0"/>
        <line num="4" count="1" type="stmt"/>
      </file>
      <file name="utils.ts" path="/home/g0dsssp33d/work/projects/albion-market-insights/src/lib/utils.ts">
        <metrics statements="1" coveredstatements="1" conditionals="0" coveredconditionals="0" methods="1" coveredmethods="1"/>
        <line num="5" count="2658" type="stmt"/>
      </file>
    </package>
    <package name="src.pages">
      <metrics statements="2" coveredstatements="2" conditionals="0" coveredconditionals="0" methods="1" coveredmethods="1"/>
      <file name="NotFound.tsx" path="/home/g0dsssp33d/work/projects/albion-market-insights/src/pages/NotFound.tsx">
        <metrics statements="2" coveredstatements="2" conditionals="0" coveredconditionals="0" methods="1" coveredmethods="1"/>
        <line num="5" count="2" type="stmt"/>
        <line num="7" count="2" type="stmt"/>
      </file>
    </package>
    <package name="src.services">
      <metrics statements="174" coveredstatements="163" conditionals="78" coveredconditionals="68" methods="50" coveredmethods="45"/>
      <file name="alert.engine.ts" path="/home/g0dsssp33d/work/projects/albion-market-insights/src/services/alert.engine.ts">
        <metrics statements="11" coveredstatements="11" conditionals="15" coveredconditionals="15" methods="2" coveredmethods="2"/>
        <line num="10" count="12" type="stmt"/>
        <line num="12" count="12" type="stmt"/>
        <line num="13" count="13" type="cond" truecount="2" falsecount="0"/>
        <line num="15" count="12" type="stmt"/>
        <line num="17" count="13" type="cond" truecount="3" falsecount="0"/>
        <line num="20" count="12" type="cond" truecount="2" falsecount="0"/>
        <line num="22" count="9" type="stmt"/>
        <line num="24" count="9" type="cond" truecount="6" falsecount="0"/>
        <line num="28" count="13" type="cond" truecount="2" falsecount="0"/>
        <line num="29" count="5" type="stmt"/>
        <line num="33" count="12" type="stmt"/>
      </file>
      <file name="alert.storage.ts" path="/home/g0dsssp33d/work/projects/albion-market-insights/src/services/alert.storage.ts">
        <metrics statements="14" coveredstatements="13" conditionals="4" coveredconditionals="4" methods="5" coveredmethods="5"/>
        <line num="3" count="3" type="stmt"/>
        <line num="7" count="31" type="stmt"/>
        <line num="8" count="31" type="stmt"/>
        <line num="9" count="31" type="cond" truecount="2" falsecount="0"/>
        <line num="10" count="18" type="stmt"/>
        <line num="12" count="0" type="stmt"/>
        <line num="17" count="12" type="stmt"/>
        <line num="18" count="12" type="stmt"/>
        <line num="19" count="12" type="cond" truecount="2" falsecount="0"/>
        <line num="20" count="2" type="stmt"/>
        <line num="22" count="10" type="stmt"/>
        <line num="24" count="12" type="stmt"/>
        <line num="28" count="4" type="stmt"/>
        <line num="29" count="3" type="stmt"/>
      </file>
      <file name="index.ts" path="/home/g0dsssp33d/work/projects/albion-market-insights/src/services/index.ts">
        <metrics statements="1" coveredstatements="1" conditionals="2" coveredconditionals="1" methods="0" coveredmethods="0"/>
        <line num="8" count="1" type="cond" truecount="1" falsecount="1"/>
      </file>
      <file name="market.api.ts" path="/home/g0dsssp33d/work/projects/albion-market-insights/src/services/market.api.ts">
        <metrics statements="114" coveredstatements="104" conditionals="44" coveredconditionals="39" methods="33" coveredmethods="28"/>
        <line num="10" count="5" type="stmt"/>
        <line num="11" count="5" type="stmt"/>
        <line num="13" count="5" type="stmt"/>
        <line num="14" count="5" type="stmt"/>
        <line num="15" count="5" type="stmt"/>
        <line num="16" count="5" type="stmt"/>
        <line num="19" count="45" type="cond" truecount="3" falsecount="0"/>
        <line num="23" count="36" type="stmt"/>
        <line num="31" count="327" type="cond" truecount="2" falsecount="0"/>
        <line num="32" count="327" type="cond" truecount="2" falsecount="0"/>
        <line num="36" count="327" type="stmt"/>
        <line num="37" count="363" type="cond" truecount="2" falsecount="0"/>
        <line num="38" count="1" type="stmt"/>
        <line num="42" count="362" type="stmt"/>
        <line num="43" count="362" type="stmt"/>
        <line num="45" count="5" type="cond" truecount="4" falsecount="0"/>
        <line num="46" count="4" type="stmt"/>
        <line num="49" count="358" type="cond" truecount="2" falsecount="0"/>
        <line num="50" count="354" type="cond" truecount="2" falsecount="0"/>
        <line num="51" count="45" type="cond" truecount="2" falsecount="0"/>
        <line num="52" count="43" type="stmt"/>
        <line num="55" count="47" type="cond" truecount="2" falsecount="0"/>
        <line num="56" count="36" type="stmt"/>
        <line num="57" count="36" type="stmt"/>
        <line num="61" count="11" type="stmt"/>
        <line num="64" count="5" type="stmt"/>
        <line num="80" count="7" type="stmt"/>
        <line num="81" count="7" type="stmt"/>
        <line num="82" count="62" type="stmt"/>
        <line num="84" count="7" type="stmt"/>
        <line num="91" count="11" type="stmt"/>
        <line num="92" count="11" type="stmt"/>
        <line num="95" count="29" type="stmt"/>
        <line num="96" count="326" type="stmt"/>
        <line num="97" count="326" type="stmt"/>
        <line num="101" count="11" type="stmt"/>
        <line num="103" count="29" type="stmt"/>
        <line num="105" count="11" type="stmt"/>
        <line num="106" count="10" type="stmt"/>
        <line num="110" count="19" type="stmt"/>
        <line num="111" count="19" type="stmt"/>
        <line num="112" count="19" type="stmt"/>
        <line num="115" count="44" type="stmt"/>
        <line num="116" count="44" type="stmt"/>
        <line num="117" count="44" type="stmt"/>
        <line num="118" count="41" type="stmt"/>
        <line num="119" count="41" type="stmt"/>
        <line num="121" count="57" type="stmt"/>
        <line num="122" count="57" type="cond" truecount="1" falsecount="1"/>
        <line num="124" count="57" type="stmt"/>
        <line num="128" count="273" type="stmt"/>
        <line num="129" count="273" type="stmt"/>
        <line num="130" count="273" type="stmt"/>
        <line num="131" count="273" type="stmt"/>
        <line num="132" count="266" type="stmt"/>
        <line num="133" count="266" type="stmt"/>
        <line num="134" count="378" type="stmt"/>
        <line num="135" count="378" type="cond" truecount="2" falsecount="2"/>
        <line num="136" count="0" type="stmt"/>
        <line num="137" count="0" type="stmt"/>
        <line num="138" count="0" type="stmt"/>
        <line num="139" count="0" type="stmt"/>
        <line num="144" count="273" type="stmt"/>
        <line num="148" count="4" type="stmt"/>
        <line num="149" count="4" type="stmt"/>
        <line num="150" count="273" type="stmt"/>
        <line num="152" count="4" type="stmt"/>
        <line num="153" count="4" type="stmt"/>
        <line num="154" count="273" type="stmt"/>
        <line num="155" count="0" type="stmt"/>
        <line num="158" count="4" type="stmt"/>
        <line num="162" count="19" type="stmt"/>
        <line num="163" count="19" type="cond" truecount="4" falsecount="0"/>
        <line num="164" count="13" type="stmt"/>
        <line num="165" count="13" type="stmt"/>
        <line num="168" count="6" type="stmt"/>
        <line num="169" count="6" type="stmt"/>
        <line num="171" count="6" type="stmt"/>
        <line num="172" count="6" type="stmt"/>
        <line num="174" count="59" type="stmt"/>
        <line num="175" count="44" type="cond" truecount="1" falsecount="1"/>
        <line num="176" count="44" type="stmt"/>
        <line num="177" count="44" type="stmt"/>
        <line num="179" count="0" type="stmt"/>
        <line num="183" count="6" type="stmt"/>
        <line num="184" count="5" type="stmt"/>
        <line num="187" count="5" type="stmt"/>
        <line num="188" count="5" type="stmt"/>
        <line num="189" count="57" type="stmt"/>
        <line num="190" count="57" type="cond" truecount="2" falsecount="0"/>
        <line num="191" count="5" type="stmt"/>
        <line num="192" count="5" type="stmt"/>
        <line num="195" count="5" type="cond" truecount="2" falsecount="0"/>
        <line num="196" count="1" type="stmt"/>
        <line num="199" count="4" type="stmt"/>
        <line num="201" count="4" type="stmt"/>
        <line num="202" count="5" type="stmt"/>
        <line num="203" count="5" type="cond" truecount="2" falsecount="0"/>
        <line num="204" count="5" type="stmt"/>
        <line num="209" count="4" type="stmt"/>
        <line num="211" count="4" type="stmt"/>
        <line num="212" count="5" type="stmt"/>
        <line num="213" count="5" type="cond" truecount="1" falsecount="1"/>
        <line num="216" count="4" type="stmt"/>
        <line num="217" count="4" type="stmt"/>
        <line num="219" count="0" type="stmt"/>
        <line num="220" count="0" type="stmt"/>
        <line num="225" count="1" type="stmt"/>
        <line num="226" count="1" type="stmt"/>
        <line num="227" count="1" type="stmt"/>
        <line num="232" count="1" type="stmt"/>
        <line num="236" count="2" type="stmt"/>
        <line num="240" count="0" type="stmt"/>
        <line num="244" count="0" type="stmt"/>
      </file>
      <file name="market.api.types.ts" path="/home/g0dsssp33d/work/projects/albion-market-insights/src/services/market.api.types.ts">
        <metrics statements="11" coveredstatements="11" conditionals="8" coveredconditionals="4" methods="1" coveredmethods="1"/>
        <line num="4" count="5" type="stmt"/>
        <line num="10" count="5" type="stmt"/>
        <line num="19" count="5" type="stmt"/>
        <line num="31" count="5" type="stmt"/>
        <line num="40" count="5" type="stmt"/>
        <line num="41" count="5" type="stmt"/>
        <line num="42" count="5" type="stmt"/>
        <line num="43" count="5" type="cond" truecount="1" falsecount="1"/>
        <line num="46" count="5" type="stmt"/>
        <line num="47" count="5" type="cond" truecount="1" falsecount="1"/>
        <line num="49" count="5" type="stmt"/>
      </file>
      <file name="market.cache.ts" path="/home/g0dsssp33d/work/projects/albion-market-insights/src/services/market.cache.ts">
        <metrics statements="16" coveredstatements="16" conditionals="4" coveredconditionals="4" methods="3" coveredmethods="3"/>
        <line num="4" count="5" type="stmt"/>
        <line num="5" count="5" type="stmt"/>
        <line num="7" count="5" type="stmt"/>
        <line num="21" count="5" type="stmt"/>
        <line num="30" count="26" type="stmt"/>
        <line num="31" count="26" type="stmt"/>
        <line num="32" count="26" type="cond" truecount="2" falsecount="0"/>
        <line num="33" count="20" type="stmt"/>
        <line num="34" count="20" type="cond" truecount="2" falsecount="0"/>
        <line num="35" count="17" type="stmt"/>
        <line num="37" count="1" type="stmt"/>
        <line num="42" count="11" type="stmt"/>
        <line num="43" count="11" type="stmt"/>
        <line num="48" count="11" type="stmt"/>
        <line num="49" count="11" type="stmt"/>
        <line num="56" count="17" type="stmt"/>
      </file>
      <file name="market.mock.ts" path="/home/g0dsssp33d/work/projects/albion-market-insights/src/services/market.mock.ts">
        <metrics statements="7" coveredstatements="7" conditionals="1" coveredconditionals="1" methods="6" coveredmethods="6"/>
        <line num="7" count="29" type="stmt"/>
        <line num="10" count="3" type="stmt"/>
        <line num="14" count="3" type="stmt"/>
        <line num="18" count="1" type="stmt"/>
        <line num="22" count="8" type="stmt"/>
        <line num="26" count="2" type="stmt"/>
        <line num="30" count="1" type="stmt"/>
      </file>
    </package>
  </project>
</coverage>
