{"/home/g0dsssp33d/work/projects/albion-market-insights/src/App.tsx": {"path":"/home/g0dsssp33d/work/projects/albion-market-insights/src/App.tsx","statementMap":{"0":{"start":{"line":10,"column":6},"end":{"line":10,"column":null}},"1":{"start":{"line":10,"column":25},"end":{"line":10,"column":null}},"2":{"start":{"line":11,"column":6},"end":{"line":11,"column":null}},"3":{"start":{"line":11,"column":29},"end":{"line":11,"column":null}},"4":{"start":{"line":12,"column":6},"end":{"line":12,"column":null}},"5":{"start":{"line":12,"column":26},"end":{"line":12,"column":null}},"6":{"start":{"line":13,"column":6},"end":{"line":13,"column":null}},"7":{"start":{"line":13,"column":25},"end":{"line":13,"column":null}},"8":{"start":{"line":15,"column":20},"end":{"line":15,"column":null}},"9":{"start":{"line":18,"column":2},"end":{"line":18,"column":null}},"10":{"start":{"line":19,"column":2},"end":{"line":19,"column":null}},"11":{"start":{"line":22,"column":12},"end":{"line":35,"column":null}}},"fnMap":{"0":{"name":"(anonymous_0)","decl":{"start":{"line":10,"column":19},"end":{"line":10,"column":25}},"loc":{"start":{"line":10,"column":25},"end":{"line":10,"column":null}},"line":10},"1":{"name":"(anonymous_1)","decl":{"start":{"line":11,"column":23},"end":{"line":11,"column":29}},"loc":{"start":{"line":11,"column":29},"end":{"line":11,"column":null}},"line":11},"2":{"name":"(anonymous_2)","decl":{"start":{"line":12,"column":20},"end":{"line":12,"column":26}},"loc":{"start":{"line":12,"column":26},"end":{"line":12,"column":null}},"line":12},"3":{"name":"(anonymous_3)","decl":{"start":{"line":13,"column":19},"end":{"line":13,"column":25}},"loc":{"start":{"line":13,"column":25},"end":{"line":13,"column":null}},"line":13},"4":{"name":"AlertPollerMount","decl":{"start":{"line":17,"column":9},"end":{"line":17,"column":null}},"loc":{"start":{"line":17,"column":9},"end":{"line":20,"column":null}},"line":17},"5":{"name":"(anonymous_5)","decl":{"start":{"line":22,"column":12},"end":{"line":22,"column":null}},"loc":{"start":{"line":22,"column":12},"end":{"line":35,"column":null}},"line":22}},"branchMap":{},"s":{"0":1,"1":0,"2":1,"3":1,"4":1,"5":0,"6":1,"7":0,"8":1,"9":2,"10":2,"11":2},"f":{"0":0,"1":1,"2":0,"3":0,"4":2,"5":2},"b":{},"meta":{"lastBranch":0,"lastFunction":6,"lastStatement":12,"seen":{"s:10:6:10:Infinity":0,"f:10:19:10:25":0,"s:10:25:10:Infinity":1,"s:11:6:11:Infinity":2,"f:11:23:11:29":1,"s:11:29:11:Infinity":3,"s:12:6:12:Infinity":4,"f:12:20:12:26":2,"s:12:26:12:Infinity":5,"s:13:6:13:Infinity":6,"f:13:19:13:25":3,"s:13:25:13:Infinity":7,"s:15:20:15:Infinity":8,"f:17:9:17:Infinity":4,"s:18:2:18:Infinity":9,"s:19:2:19:Infinity":10,"s:22:12:35:Infinity":11,"f:22:12:22:Infinity":5}}}
,"/home/g0dsssp33d/work/projects/albion-market-insights/src/components/alerts/AlertsManager.tsx": {"path":"/home/g0dsssp33d/work/projects/albion-market-insights/src/components/alerts/AlertsManager.tsx","statementMap":{"0":{"start":{"line":57,"column":39},"end":{"line":57,"column":null}},"1":{"start":{"line":58,"column":17},"end":{"line":58,"column":null}},"2":{"start":{"line":60,"column":8},"end":{"line":69,"column":null}},"3":{"start":{"line":71,"column":20},"end":{"line":71,"column":null}},"4":{"start":{"line":73,"column":22},"end":{"line":79,"column":null}},"5":{"start":{"line":74,"column":4},"end":{"line":74,"column":null}},"6":{"start":{"line":75,"column":4},"end":{"line":78,"column":null}},"7":{"start":{"line":81,"column":22},"end":{"line":88,"column":null}},"8":{"start":{"line":82,"column":4},"end":{"line":82,"column":null}},"9":{"start":{"line":83,"column":4},"end":{"line":87,"column":null}},"10":{"start":{"line":90,"column":19},"end":{"line":115,"column":null}},"11":{"start":{"line":91,"column":17},"end":{"line":91,"column":null}},"12":{"start":{"line":91,"column":42},"end":{"line":91,"column":68}},"13":{"start":{"line":92,"column":28},"end":{"line":102,"column":null}},"14":{"start":{"line":104,"column":4},"end":{"line":104,"column":null}},"15":{"start":{"line":105,"column":4},"end":{"line":105,"column":null}},"16":{"start":{"line":106,"column":4},"end":{"line":106,"column":null}},"17":{"start":{"line":108,"column":4},"end":{"line":114,"column":null}},"18":{"start":{"line":117,"column":27},"end":{"line":124,"column":null}},"19":{"start":{"line":118,"column":4},"end":{"line":123,"column":null}},"20":{"start":{"line":119,"column":20},"end":{"line":119,"column":null}},"21":{"start":{"line":120,"column":20},"end":{"line":120,"column":null}},"22":{"start":{"line":121,"column":21},"end":{"line":121,"column":null}},"23":{"start":{"line":122,"column":15},"end":{"line":122,"column":null}},"24":{"start":{"line":126,"column":27},"end":{"line":132,"column":null}},"25":{"start":{"line":127,"column":4},"end":{"line":131,"column":null}},"26":{"start":{"line":128,"column":20},"end":{"line":128,"column":null}},"27":{"start":{"line":129,"column":20},"end":{"line":129,"column":null}},"28":{"start":{"line":130,"column":21},"end":{"line":130,"column":null}},"29":{"start":{"line":134,"column":22},"end":{"line":136,"column":null}},"30":{"start":{"line":135,"column":39},"end":{"line":135,"column":63}},"31":{"start":{"line":138,"column":2},"end":{"line":386,"column":null}},"32":{"start":{"line":150,"column":10},"end":{"line":150,"column":null}},"33":{"start":{"line":151,"column":10},"end":{"line":151,"column":null}},"34":{"start":{"line":151,"column":21},"end":{"line":151,"column":null}},"35":{"start":{"line":174,"column":36},"end":{"line":196,"column":null}},"36":{"start":{"line":184,"column":43},"end":{"line":185,"column":58}},"37":{"start":{"line":205,"column":36},"end":{"line":221,"column":null}},"38":{"start":{"line":216,"column":38},"end":{"line":217,"column":51}},"39":{"start":{"line":230,"column":36},"end":{"line":267,"column":null}},"40":{"start":{"line":239,"column":43},"end":{"line":239,"column":null}},"41":{"start":{"line":249,"column":43},"end":{"line":249,"column":null}},"42":{"start":{"line":259,"column":43},"end":{"line":259,"column":null}},"43":{"start":{"line":276,"column":36},"end":{"line":295,"column":null}},"44":{"start":{"line":287,"column":43},"end":{"line":287,"column":null}},"45":{"start":{"line":306,"column":38},"end":{"line":314,"column":null}},"46":{"start":{"line":323,"column":38},"end":{"line":331,"column":null}},"47":{"start":{"line":340,"column":73},"end":{"line":340,"column":97}},"48":{"start":{"line":375,"column":29},"end":{"line":375,"column":null}},"49":{"start":{"line":384,"column":25},"end":{"line":386,"column":null}},"50":{"start":{"line":430,"column":35},"end":{"line":430,"column":null}},"51":{"start":{"line":442,"column":35},"end":{"line":442,"column":null}}},"fnMap":{"0":{"name":"AlertsManager","decl":{"start":{"line":56,"column":16},"end":{"line":56,"column":30}},"loc":{"start":{"line":56,"column":104},"end":{"line":455,"column":null}},"line":56},"1":{"name":"(anonymous_1)","decl":{"start":{"line":73,"column":22},"end":{"line":73,"column":23}},"loc":{"start":{"line":73,"column":23},"end":{"line":79,"column":null}},"line":73},"2":{"name":"(anonymous_2)","decl":{"start":{"line":81,"column":22},"end":{"line":81,"column":23}},"loc":{"start":{"line":81,"column":23},"end":{"line":88,"column":null}},"line":81},"3":{"name":"(anonymous_3)","decl":{"start":{"line":90,"column":19},"end":{"line":90,"column":20}},"loc":{"start":{"line":90,"column":20},"end":{"line":115,"column":null}},"line":90},"4":{"name":"(anonymous_4)","decl":{"start":{"line":91,"column":37},"end":{"line":91,"column":42}},"loc":{"start":{"line":91,"column":42},"end":{"line":91,"column":68}},"line":91},"5":{"name":"(anonymous_5)","decl":{"start":{"line":117,"column":27},"end":{"line":117,"column":28}},"loc":{"start":{"line":117,"column":28},"end":{"line":124,"column":null}},"line":117},"6":{"name":"(anonymous_6)","decl":{"start":{"line":126,"column":27},"end":{"line":126,"column":28}},"loc":{"start":{"line":126,"column":28},"end":{"line":132,"column":null}},"line":126},"7":{"name":"(anonymous_7)","decl":{"start":{"line":135,"column":31},"end":{"line":135,"column":39}},"loc":{"start":{"line":135,"column":39},"end":{"line":135,"column":63}},"line":135},"8":{"name":"(anonymous_8)","decl":{"start":{"line":149,"column":50},"end":{"line":149,"column":51}},"loc":{"start":{"line":149,"column":51},"end":{"line":152,"column":null}},"line":149},"9":{"name":"(anonymous_9)","decl":{"start":{"line":174,"column":26},"end":{"line":174,"column":27}},"loc":{"start":{"line":174,"column":36},"end":{"line":196,"column":null}},"line":174},"10":{"name":"(anonymous_10)","decl":{"start":{"line":184,"column":43},"end":{"line":184,"column":null}},"loc":{"start":{"line":184,"column":43},"end":{"line":185,"column":58}},"line":184},"11":{"name":"(anonymous_11)","decl":{"start":{"line":205,"column":26},"end":{"line":205,"column":27}},"loc":{"start":{"line":205,"column":36},"end":{"line":221,"column":null}},"line":205},"12":{"name":"(anonymous_12)","decl":{"start":{"line":216,"column":38},"end":{"line":216,"column":null}},"loc":{"start":{"line":216,"column":38},"end":{"line":217,"column":51}},"line":216},"13":{"name":"(anonymous_13)","decl":{"start":{"line":230,"column":26},"end":{"line":230,"column":27}},"loc":{"start":{"line":230,"column":36},"end":{"line":267,"column":null}},"line":230},"14":{"name":"(anonymous_14)","decl":{"start":{"line":239,"column":37},"end":{"line":239,"column":43}},"loc":{"start":{"line":239,"column":43},"end":{"line":239,"column":null}},"line":239},"15":{"name":"(anonymous_15)","decl":{"start":{"line":249,"column":37},"end":{"line":249,"column":43}},"loc":{"start":{"line":249,"column":43},"end":{"line":249,"column":null}},"line":249},"16":{"name":"(anonymous_16)","decl":{"start":{"line":259,"column":37},"end":{"line":259,"column":43}},"loc":{"start":{"line":259,"column":43},"end":{"line":259,"column":null}},"line":259},"17":{"name":"(anonymous_17)","decl":{"start":{"line":276,"column":26},"end":{"line":276,"column":27}},"loc":{"start":{"line":276,"column":36},"end":{"line":295,"column":null}},"line":276},"18":{"name":"(anonymous_18)","decl":{"start":{"line":287,"column":38},"end":{"line":287,"column":43}},"loc":{"start":{"line":287,"column":43},"end":{"line":287,"column":null}},"line":287},"19":{"name":"(anonymous_19)","decl":{"start":{"line":306,"column":28},"end":{"line":306,"column":29}},"loc":{"start":{"line":306,"column":38},"end":{"line":314,"column":null}},"line":306},"20":{"name":"(anonymous_20)","decl":{"start":{"line":323,"column":28},"end":{"line":323,"column":29}},"loc":{"start":{"line":323,"column":38},"end":{"line":331,"column":null}},"line":323},"21":{"name":"(anonymous_21)","decl":{"start":{"line":340,"column":67},"end":{"line":340,"column":73}},"loc":{"start":{"line":340,"column":73},"end":{"line":340,"column":97}},"line":340},"22":{"name":"(anonymous_22)","decl":{"start":{"line":375,"column":23},"end":{"line":375,"column":29}},"loc":{"start":{"line":375,"column":29},"end":{"line":375,"column":null}},"line":375},"23":{"name":"(anonymous_23)","decl":{"start":{"line":384,"column":24},"end":{"line":384,"column":25}},"loc":{"start":{"line":384,"column":25},"end":{"line":386,"column":null}},"line":384},"24":{"name":"(anonymous_24)","decl":{"start":{"line":430,"column":29},"end":{"line":430,"column":35}},"loc":{"start":{"line":430,"column":35},"end":{"line":430,"column":null}},"line":430},"25":{"name":"(anonymous_25)","decl":{"start":{"line":442,"column":29},"end":{"line":442,"column":35}},"loc":{"start":{"line":442,"column":35},"end":{"line":442,"column":null}},"line":442}},"branchMap":{"0":{"loc":{"start":{"line":95,"column":16},"end":{"line":95,"column":null}},"type":"binary-expr","locations":[{"start":{"line":95,"column":16},"end":{"line":95,"column":34}},{"start":{"line":95,"column":34},"end":{"line":95,"column":null}}],"line":95},"1":{"loc":{"start":{"line":96,"column":12},"end":{"line":96,"column":62}},"type":"cond-expr","locations":[{"start":{"line":96,"column":36},"end":{"line":96,"column":51}},{"start":{"line":96,"column":51},"end":{"line":96,"column":62}}],"line":96},"2":{"loc":{"start":{"line":111,"column":8},"end":{"line":112,"column":null}},"type":"cond-expr","locations":[{"start":{"line":111,"column":39},"end":{"line":111,"column":null}},{"start":{"line":112,"column":8},"end":{"line":112,"column":null}}],"line":111},"3":{"loc":{"start":{"line":112,"column":8},"end":{"line":112,"column":null}},"type":"cond-expr","locations":[{"start":{"line":112,"column":39},"end":{"line":112,"column":54}},{"start":{"line":112,"column":54},"end":{"line":112,"column":null}}],"line":112},"4":{"loc":{"start":{"line":113,"column":29},"end":{"line":113,"column":70}},"type":"cond-expr","locations":[{"start":{"line":113,"column":61},"end":{"line":113,"column":67}},{"start":{"line":113,"column":67},"end":{"line":113,"column":70}}],"line":113},"5":{"loc":{"start":{"line":118,"column":4},"end":{"line":123,"column":null}},"type":"switch","locations":[{"start":{"line":119,"column":6},"end":{"line":119,"column":null}},{"start":{"line":120,"column":6},"end":{"line":120,"column":null}},{"start":{"line":121,"column":6},"end":{"line":121,"column":null}},{"start":{"line":122,"column":6},"end":{"line":122,"column":null}}],"line":118},"6":{"loc":{"start":{"line":127,"column":4},"end":{"line":131,"column":null}},"type":"switch","locations":[{"start":{"line":128,"column":6},"end":{"line":128,"column":null}},{"start":{"line":129,"column":6},"end":{"line":129,"column":null}},{"start":{"line":130,"column":6},"end":{"line":130,"column":null}}],"line":127},"7":{"loc":{"start":{"line":151,"column":10},"end":{"line":151,"column":null}},"type":"if","locations":[{"start":{"line":151,"column":10},"end":{"line":151,"column":null}},{"start":{},"end":{}}],"line":151},"8":{"loc":{"start":{"line":237,"column":37},"end":{"line":237,"column":null}},"type":"cond-expr","locations":[{"start":{"line":237,"column":63},"end":{"line":237,"column":75}},{"start":{"line":237,"column":75},"end":{"line":237,"column":null}}],"line":237},"9":{"loc":{"start":{"line":240,"column":42},"end":{"line":240,"column":null}},"type":"binary-expr","locations":[{"start":{"line":240,"column":42},"end":{"line":240,"column":69}},{"start":{"line":240,"column":69},"end":{"line":240,"column":null}}],"line":240},"10":{"loc":{"start":{"line":247,"column":37},"end":{"line":247,"column":null}},"type":"cond-expr","locations":[{"start":{"line":247,"column":63},"end":{"line":247,"column":75}},{"start":{"line":247,"column":75},"end":{"line":247,"column":null}}],"line":247},"11":{"loc":{"start":{"line":250,"column":42},"end":{"line":250,"column":null}},"type":"binary-expr","locations":[{"start":{"line":250,"column":42},"end":{"line":250,"column":69}},{"start":{"line":250,"column":69},"end":{"line":250,"column":null}}],"line":250},"12":{"loc":{"start":{"line":257,"column":37},"end":{"line":257,"column":null}},"type":"cond-expr","locations":[{"start":{"line":257,"column":64},"end":{"line":257,"column":76}},{"start":{"line":257,"column":76},"end":{"line":257,"column":null}}],"line":257},"13":{"loc":{"start":{"line":260,"column":42},"end":{"line":260,"column":null}},"type":"binary-expr","locations":[{"start":{"line":260,"column":42},"end":{"line":260,"column":70}},{"start":{"line":260,"column":70},"end":{"line":260,"column":null}}],"line":260},"14":{"loc":{"start":{"line":279,"column":25},"end":{"line":279,"column":null}},"type":"cond-expr","locations":[{"start":{"line":279,"column":50},"end":{"line":279,"column":72}},{"start":{"line":279,"column":72},"end":{"line":279,"column":null}}],"line":279},"15":{"loc":{"start":{"line":285,"column":41},"end":{"line":285,"column":null}},"type":"cond-expr","locations":[{"start":{"line":285,"column":66},"end":{"line":285,"column":79}},{"start":{"line":285,"column":79},"end":{"line":285,"column":null}}],"line":285},"16":{"loc":{"start":{"line":286,"column":35},"end":{"line":286,"column":null}},"type":"binary-expr","locations":[{"start":{"line":286,"column":35},"end":{"line":286,"column":46}},{"start":{"line":286,"column":50},"end":{"line":286,"column":null}}],"line":286},"17":{"loc":{"start":{"line":287,"column":58},"end":{"line":287,"column":null}},"type":"cond-expr","locations":[{"start":{"line":287,"column":82},"end":{"line":287,"column":94}},{"start":{"line":287,"column":94},"end":{"line":287,"column":null}}],"line":287},"18":{"loc":{"start":{"line":291,"column":29},"end":{"line":291,"column":null}},"type":"cond-expr","locations":[{"start":{"line":291,"column":54},"end":{"line":291,"column":60}},{"start":{"line":291,"column":60},"end":{"line":291,"column":null}}],"line":291},"19":{"loc":{"start":{"line":365,"column":9},"end":{"line":386,"column":null}},"type":"cond-expr","locations":[{"start":{"line":365,"column":27},"end":{"line":383,"column":11}},{"start":{"line":383,"column":10},"end":{"line":386,"column":null}}],"line":365},"20":{"loc":{"start":{"line":389,"column":18},"end":{"line":389,"column":null}},"type":"cond-expr","locations":[{"start":{"line":389,"column":35},"end":{"line":389,"column":57}},{"start":{"line":389,"column":57},"end":{"line":389,"column":null}}],"line":389},"21":{"loc":{"start":{"line":395,"column":18},"end":{"line":395,"column":null}},"type":"cond-expr","locations":[{"start":{"line":395,"column":35},"end":{"line":395,"column":53}},{"start":{"line":395,"column":53},"end":{"line":395,"column":null}}],"line":395},"22":{"loc":{"start":{"line":412,"column":21},"end":{"line":414,"column":null}},"type":"binary-expr","locations":[{"start":{"line":412,"column":21},"end":{"line":412,"column":46}},{"start":{"line":412,"column":46},"end":{"line":414,"column":null}}],"line":412},"23":{"loc":{"start":{"line":417,"column":21},"end":{"line":419,"column":null}},"type":"binary-expr","locations":[{"start":{"line":417,"column":21},"end":{"line":417,"column":46}},{"start":{"line":417,"column":46},"end":{"line":419,"column":null}}],"line":417},"24":{"loc":{"start":{"line":433,"column":21},"end":{"line":436,"column":null}},"type":"cond-expr","locations":[{"start":{"line":433,"column":35},"end":{"line":436,"column":23}},{"start":{"line":436,"column":22},"end":{"line":436,"column":null}}],"line":433}},"s":{"0":20,"1":20,"2":20,"3":20,"4":20,"5":1,"6":1,"7":20,"8":1,"9":1,"10":20,"11":0,"12":0,"13":0,"14":0,"15":0,"16":0,"17":0,"18":20,"19":8,"20":8,"21":0,"22":0,"23":0,"24":20,"25":8,"26":8,"27":0,"28":0,"29":20,"30":40,"31":20,"32":2,"33":2,"34":0,"35":4,"36":8,"37":4,"38":28,"39":4,"40":0,"41":0,"42":0,"43":4,"44":0,"45":4,"46":4,"47":0,"48":0,"49":8,"50":1,"51":1},"f":{"0":20,"1":1,"2":1,"3":0,"4":0,"5":8,"6":8,"7":40,"8":2,"9":4,"10":8,"11":4,"12":28,"13":4,"14":0,"15":0,"16":0,"17":4,"18":0,"19":4,"20":4,"21":0,"22":0,"23":8,"24":1,"25":1},"b":{"0":[0,0],"1":[0,0],"2":[0,0],"3":[0,0],"4":[0,0],"5":[8,0,0,0],"6":[8,0,0],"7":[0,2],"8":[4,0],"9":[4,4],"10":[0,4],"11":[4,0],"12":[0,4],"13":[4,0],"14":[0,4],"15":[0,4],"16":[4,4],"17":[0,0],"18":[0,4],"19":[12,8],"20":[8,0],"21":[8,0],"22":[8,8],"23":[8,0],"24":[8,0]},"meta":{"lastBranch":25,"lastFunction":26,"lastStatement":52,"seen":{"f:56:16:56:30":0,"s:57:39:57:Infinity":0,"s:58:17:58:Infinity":1,"s:60:8:69:Infinity":2,"s:71:20:71:Infinity":3,"s:73:22:79:Infinity":4,"f:73:22:73:23":1,"s:74:4:74:Infinity":5,"s:75:4:78:Infinity":6,"s:81:22:88:Infinity":7,"f:81:22:81:23":2,"s:82:4:82:Infinity":8,"s:83:4:87:Infinity":9,"s:90:19:115:Infinity":10,"f:90:19:90:20":3,"s:91:17:91:Infinity":11,"f:91:37:91:42":4,"s:91:42:91:68":12,"s:92:28:102:Infinity":13,"b:95:16:95:34:95:34:95:Infinity":0,"b:96:36:96:51:96:51:96:62":1,"s:104:4:104:Infinity":14,"s:105:4:105:Infinity":15,"s:106:4:106:Infinity":16,"s:108:4:114:Infinity":17,"b:111:39:111:Infinity:112:8:112:Infinity":2,"b:112:39:112:54:112:54:112:Infinity":3,"b:113:61:113:67:113:67:113:70":4,"s:117:27:124:Infinity":18,"f:117:27:117:28":5,"b:119:6:119:Infinity:120:6:120:Infinity:121:6:121:Infinity:122:6:122:Infinity":5,"s:118:4:123:Infinity":19,"s:119:20:119:Infinity":20,"s:120:20:120:Infinity":21,"s:121:21:121:Infinity":22,"s:122:15:122:Infinity":23,"s:126:27:132:Infinity":24,"f:126:27:126:28":6,"b:128:6:128:Infinity:129:6:129:Infinity:130:6:130:Infinity":6,"s:127:4:131:Infinity":25,"s:128:20:128:Infinity":26,"s:129:20:129:Infinity":27,"s:130:21:130:Infinity":28,"s:134:22:136:Infinity":29,"f:135:31:135:39":7,"s:135:39:135:63":30,"s:138:2:386:Infinity":31,"f:149:50:149:51":8,"s:150:10:150:Infinity":32,"b:151:10:151:Infinity:undefined:undefined:undefined:undefined":7,"s:151:10:151:Infinity":33,"s:151:21:151:Infinity":34,"f:174:26:174:27":9,"s:174:36:196:Infinity":35,"f:184:43:184:Infinity":10,"s:184:43:185:58":36,"f:205:26:205:27":11,"s:205:36:221:Infinity":37,"f:216:38:216:Infinity":12,"s:216:38:217:51":38,"f:230:26:230:27":13,"s:230:36:267:Infinity":39,"b:237:63:237:75:237:75:237:Infinity":8,"f:239:37:239:43":14,"s:239:43:239:Infinity":40,"b:240:42:240:69:240:69:240:Infinity":9,"b:247:63:247:75:247:75:247:Infinity":10,"f:249:37:249:43":15,"s:249:43:249:Infinity":41,"b:250:42:250:69:250:69:250:Infinity":11,"b:257:64:257:76:257:76:257:Infinity":12,"f:259:37:259:43":16,"s:259:43:259:Infinity":42,"b:260:42:260:70:260:70:260:Infinity":13,"f:276:26:276:27":17,"s:276:36:295:Infinity":43,"b:279:50:279:72:279:72:279:Infinity":14,"b:285:66:285:79:285:79:285:Infinity":15,"b:286:35:286:46:286:50:286:Infinity":16,"f:287:38:287:43":18,"s:287:43:287:Infinity":44,"b:287:82:287:94:287:94:287:Infinity":17,"b:291:54:291:60:291:60:291:Infinity":18,"f:306:28:306:29":19,"s:306:38:314:Infinity":45,"f:323:28:323:29":20,"s:323:38:331:Infinity":46,"f:340:67:340:73":21,"s:340:73:340:97":47,"b:365:27:383:11:383:10:386:Infinity":19,"f:375:23:375:29":22,"s:375:29:375:Infinity":48,"f:384:24:384:25":23,"s:384:25:386:Infinity":49,"b:389:35:389:57:389:57:389:Infinity":20,"b:395:35:395:53:395:53:395:Infinity":21,"b:412:21:412:46:412:46:414:Infinity":22,"b:417:21:417:46:417:46:419:Infinity":23,"f:430:29:430:35":24,"s:430:35:430:Infinity":50,"b:433:35:436:23:436:22:436:Infinity":24,"f:442:29:442:35":25,"s:442:35:442:Infinity":51}}}
,"/home/g0dsssp33d/work/projects/albion-market-insights/src/components/dashboard/PriceTable.tsx": {"path":"/home/g0dsssp33d/work/projects/albion-market-insights/src/components/dashboard/PriceTable.tsx","statementMap":{"0":{"start":{"line":35,"column":27},"end":{"line":35,"column":null}},"1":{"start":{"line":36,"column":43},"end":{"line":36,"column":null}},"2":{"start":{"line":37,"column":35},"end":{"line":37,"column":null}},"3":{"start":{"line":38,"column":35},"end":{"line":38,"column":null}},"4":{"start":{"line":39,"column":41},"end":{"line":39,"column":null}},"5":{"start":{"line":40,"column":41},"end":{"line":40,"column":null}},"6":{"start":{"line":41,"column":31},"end":{"line":41,"column":null}},"7":{"start":{"line":42,"column":31},"end":{"line":42,"column":null}},"8":{"start":{"line":43,"column":33},"end":{"line":43,"column":null}},"9":{"start":{"line":44,"column":33},"end":{"line":44,"column":null}},"10":{"start":{"line":45,"column":33},"end":{"line":45,"column":null}},"11":{"start":{"line":46,"column":41},"end":{"line":46,"column":null}},"12":{"start":{"line":47,"column":37},"end":{"line":47,"column":null}},"13":{"start":{"line":48,"column":23},"end":{"line":48,"column":null}},"14":{"start":{"line":50,"column":8},"end":{"line":123,"column":null}},"15":{"start":{"line":51,"column":17},"end":{"line":51,"column":null}},"16":{"start":{"line":54,"column":4},"end":{"line":57,"column":null}},"17":{"start":{"line":55,"column":18},"end":{"line":55,"column":null}},"18":{"start":{"line":56,"column":6},"end":{"line":56,"column":null}},"19":{"start":{"line":56,"column":37},"end":{"line":56,"column":null}},"20":{"start":{"line":59,"column":4},"end":{"line":66,"column":null}},"21":{"start":{"line":60,"column":26},"end":{"line":60,"column":null}},"22":{"start":{"line":61,"column":6},"end":{"line":64,"column":null}},"23":{"start":{"line":63,"column":10},"end":{"line":64,"column":null}},"24":{"start":{"line":68,"column":4},"end":{"line":70,"column":null}},"25":{"start":{"line":69,"column":6},"end":{"line":69,"column":null}},"26":{"start":{"line":69,"column":37},"end":{"line":69,"column":null}},"27":{"start":{"line":72,"column":4},"end":{"line":74,"column":null}},"28":{"start":{"line":73,"column":6},"end":{"line":73,"column":null}},"29":{"start":{"line":73,"column":37},"end":{"line":73,"column":null}},"30":{"start":{"line":76,"column":4},"end":{"line":78,"column":null}},"31":{"start":{"line":77,"column":6},"end":{"line":77,"column":null}},"32":{"start":{"line":77,"column":37},"end":{"line":77,"column":null}},"33":{"start":{"line":80,"column":4},"end":{"line":86,"column":null}},"34":{"start":{"line":81,"column":27},"end":{"line":81,"column":null}},"35":{"start":{"line":82,"column":6},"end":{"line":85,"column":null}},"36":{"start":{"line":83,"column":33},"end":{"line":83,"column":68}},"37":{"start":{"line":84,"column":8},"end":{"line":84,"column":null}},"38":{"start":{"line":88,"column":4},"end":{"line":90,"column":null}},"39":{"start":{"line":89,"column":6},"end":{"line":89,"column":null}},"40":{"start":{"line":89,"column":37},"end":{"line":89,"column":null}},"41":{"start":{"line":92,"column":4},"end":{"line":94,"column":null}},"42":{"start":{"line":93,"column":6},"end":{"line":93,"column":null}},"43":{"start":{"line":93,"column":37},"end":{"line":93,"column":null}},"44":{"start":{"line":96,"column":4},"end":{"line":98,"column":null}},"45":{"start":{"line":97,"column":6},"end":{"line":97,"column":null}},"46":{"start":{"line":97,"column":37},"end":{"line":97,"column":null}},"47":{"start":{"line":100,"column":4},"end":{"line":102,"column":null}},"48":{"start":{"line":101,"column":6},"end":{"line":101,"column":null}},"49":{"start":{"line":101,"column":37},"end":{"line":101,"column":null}},"50":{"start":{"line":105,"column":4},"end":{"line":120,"column":null}},"51":{"start":{"line":106,"column":19},"end":{"line":106,"column":31}},"52":{"start":{"line":107,"column":19},"end":{"line":107,"column":31}},"53":{"start":{"line":109,"column":6},"end":{"line":113,"column":null}},"54":{"start":{"line":110,"column":8},"end":{"line":112,"column":null}},"55":{"start":{"line":115,"column":6},"end":{"line":117,"column":null}},"56":{"start":{"line":116,"column":8},"end":{"line":116,"column":null}},"57":{"start":{"line":119,"column":6},"end":{"line":119,"column":null}},"58":{"start":{"line":122,"column":4},"end":{"line":122,"column":null}},"59":{"start":{"line":125,"column":21},"end":{"line":125,"column":null}},"60":{"start":{"line":126,"column":25},"end":{"line":128,"column":null}},"61":{"start":{"line":131,"column":21},"end":{"line":138,"column":null}},"62":{"start":{"line":132,"column":4},"end":{"line":137,"column":null}},"63":{"start":{"line":133,"column":6},"end":{"line":133,"column":null}},"64":{"start":{"line":133,"column":31},"end":{"line":133,"column":null}},"65":{"start":{"line":135,"column":6},"end":{"line":135,"column":null}},"66":{"start":{"line":136,"column":6},"end":{"line":136,"column":null}},"67":{"start":{"line":140,"column":22},"end":{"line":142,"column":null}},"68":{"start":{"line":141,"column":4},"end":{"line":141,"column":null}},"69":{"start":{"line":144,"column":21},"end":{"line":152,"column":null}},"70":{"start":{"line":145,"column":17},"end":{"line":145,"column":null}},"71":{"start":{"line":146,"column":16},"end":{"line":146,"column":null}},"72":{"start":{"line":147,"column":24},"end":{"line":147,"column":null}},"73":{"start":{"line":149,"column":4},"end":{"line":149,"column":null}},"74":{"start":{"line":149,"column":25},"end":{"line":149,"column":null}},"75":{"start":{"line":150,"column":4},"end":{"line":150,"column":null}},"76":{"start":{"line":150,"column":26},"end":{"line":150,"column":null}},"77":{"start":{"line":151,"column":4},"end":{"line":151,"column":null}},"78":{"start":{"line":154,"column":19},"end":{"line":159,"column":null}},"79":{"start":{"line":155,"column":4},"end":{"line":155,"column":null}},"80":{"start":{"line":155,"column":29},"end":{"line":155,"column":null}},"81":{"start":{"line":156,"column":4},"end":{"line":158,"column":null}},"82":{"start":{"line":161,"column":26},"end":{"line":171,"column":null}},"83":{"start":{"line":162,"column":4},"end":{"line":162,"column":null}},"84":{"start":{"line":163,"column":4},"end":{"line":163,"column":null}},"85":{"start":{"line":164,"column":4},"end":{"line":164,"column":null}},"86":{"start":{"line":165,"column":4},"end":{"line":165,"column":null}},"87":{"start":{"line":166,"column":4},"end":{"line":166,"column":null}},"88":{"start":{"line":167,"column":4},"end":{"line":167,"column":null}},"89":{"start":{"line":168,"column":4},"end":{"line":168,"column":null}},"90":{"start":{"line":169,"column":4},"end":{"line":169,"column":null}},"91":{"start":{"line":170,"column":4},"end":{"line":170,"column":null}},"92":{"start":{"line":173,"column":2},"end":{"line":490,"column":null}},"93":{"start":{"line":183,"column":31},"end":{"line":183,"column":null}},"94":{"start":{"line":189,"column":65},"end":{"line":189,"column":null}},"95":{"start":{"line":195,"column":108},"end":{"line":196,"column":40}},"96":{"start":{"line":208,"column":28},"end":{"line":209,"column":41}},"97":{"start":{"line":220,"column":27},"end":{"line":221,"column":41}},"98":{"start":{"line":232,"column":31},"end":{"line":233,"column":44}},"99":{"start":{"line":244,"column":40},"end":{"line":245,"column":42}},"100":{"start":{"line":257,"column":33},"end":{"line":257,"column":null}},"101":{"start":{"line":264,"column":33},"end":{"line":264,"column":null}},"102":{"start":{"line":274,"column":33},"end":{"line":274,"column":null}},"103":{"start":{"line":281,"column":33},"end":{"line":281,"column":null}},"104":{"start":{"line":322,"column":33},"end":{"line":322,"column":null}},"105":{"start":{"line":330,"column":33},"end":{"line":330,"column":null}},"106":{"start":{"line":338,"column":33},"end":{"line":338,"column":null}},"107":{"start":{"line":346,"column":33},"end":{"line":346,"column":null}},"108":{"start":{"line":354,"column":33},"end":{"line":354,"column":null}},"109":{"start":{"line":365,"column":33},"end":{"line":365,"column":null}},"110":{"start":{"line":384,"column":40},"end":{"line":386,"column":null}},"111":{"start":{"line":450,"column":29},"end":{"line":450,"column":null}},"112":{"start":{"line":450,"column":52},"end":{"line":450,"column":null}},"113":{"start":{"line":458,"column":16},"end":{"line":466,"column":null}},"114":{"start":{"line":459,"column":18},"end":{"line":459,"column":null}},"115":{"start":{"line":460,"column":23},"end":{"line":466,"column":null}},"116":{"start":{"line":461,"column":18},"end":{"line":461,"column":null}},"117":{"start":{"line":462,"column":23},"end":{"line":466,"column":null}},"118":{"start":{"line":463,"column":18},"end":{"line":463,"column":null}},"119":{"start":{"line":465,"column":18},"end":{"line":465,"column":null}},"120":{"start":{"line":468,"column":16},"end":{"line":470,"column":null}},"121":{"start":{"line":473,"column":35},"end":{"line":473,"column":null}},"122":{"start":{"line":487,"column":29},"end":{"line":487,"column":null}},"123":{"start":{"line":487,"column":52},"end":{"line":487,"column":null}}},"fnMap":{"0":{"name":"PriceTable","decl":{"start":{"line":34,"column":16},"end":{"line":34,"column":27}},"loc":{"start":{"line":34,"column":64},"end":{"line":497,"column":null}},"line":34},"1":{"name":"(anonymous_1)","decl":{"start":{"line":50,"column":41},"end":{"line":50,"column":null}},"loc":{"start":{"line":50,"column":41},"end":{"line":123,"column":5}},"line":50},"2":{"name":"(anonymous_2)","decl":{"start":{"line":56,"column":29},"end":{"line":56,"column":37}},"loc":{"start":{"line":56,"column":37},"end":{"line":56,"column":null}},"line":56},"3":{"name":"(anonymous_3)","decl":{"start":{"line":62,"column":8},"end":{"line":62,"column":null}},"loc":{"start":{"line":63,"column":10},"end":{"line":64,"column":null}},"line":63},"4":{"name":"(anonymous_4)","decl":{"start":{"line":69,"column":29},"end":{"line":69,"column":37}},"loc":{"start":{"line":69,"column":37},"end":{"line":69,"column":null}},"line":69},"5":{"name":"(anonymous_5)","decl":{"start":{"line":73,"column":29},"end":{"line":73,"column":37}},"loc":{"start":{"line":73,"column":37},"end":{"line":73,"column":null}},"line":73},"6":{"name":"(anonymous_6)","decl":{"start":{"line":77,"column":29},"end":{"line":77,"column":37}},"loc":{"start":{"line":77,"column":37},"end":{"line":77,"column":null}},"line":77},"7":{"name":"(anonymous_7)","decl":{"start":{"line":82,"column":29},"end":{"line":82,"column":null}},"loc":{"start":{"line":82,"column":29},"end":{"line":85,"column":null}},"line":82},"8":{"name":"(anonymous_8)","decl":{"start":{"line":89,"column":29},"end":{"line":89,"column":37}},"loc":{"start":{"line":89,"column":37},"end":{"line":89,"column":null}},"line":89},"9":{"name":"(anonymous_9)","decl":{"start":{"line":93,"column":29},"end":{"line":93,"column":37}},"loc":{"start":{"line":93,"column":37},"end":{"line":93,"column":null}},"line":93},"10":{"name":"(anonymous_10)","decl":{"start":{"line":97,"column":29},"end":{"line":97,"column":37}},"loc":{"start":{"line":97,"column":37},"end":{"line":97,"column":null}},"line":97},"11":{"name":"(anonymous_11)","decl":{"start":{"line":101,"column":29},"end":{"line":101,"column":37}},"loc":{"start":{"line":101,"column":37},"end":{"line":101,"column":null}},"line":101},"12":{"name":"(anonymous_12)","decl":{"start":{"line":105,"column":16},"end":{"line":105,"column":17}},"loc":{"start":{"line":105,"column":20},"end":{"line":120,"column":null}},"line":105},"13":{"name":"(anonymous_13)","decl":{"start":{"line":131,"column":21},"end":{"line":131,"column":22}},"loc":{"start":{"line":131,"column":22},"end":{"line":138,"column":null}},"line":131},"14":{"name":"(anonymous_14)","decl":{"start":{"line":133,"column":23},"end":{"line":133,"column":31}},"loc":{"start":{"line":133,"column":31},"end":{"line":133,"column":null}},"line":133},"15":{"name":"(anonymous_15)","decl":{"start":{"line":140,"column":22},"end":{"line":140,"column":23}},"loc":{"start":{"line":140,"column":23},"end":{"line":142,"column":null}},"line":140},"16":{"name":"(anonymous_16)","decl":{"start":{"line":144,"column":21},"end":{"line":144,"column":22}},"loc":{"start":{"line":144,"column":22},"end":{"line":152,"column":null}},"line":144},"17":{"name":"(anonymous_17)","decl":{"start":{"line":154,"column":19},"end":{"line":154,"column":20}},"loc":{"start":{"line":154,"column":51},"end":{"line":159,"column":null}},"line":154},"18":{"name":"(anonymous_18)","decl":{"start":{"line":161,"column":26},"end":{"line":161,"column":null}},"loc":{"start":{"line":161,"column":26},"end":{"line":171,"column":null}},"line":161},"19":{"name":"(anonymous_19)","decl":{"start":{"line":183,"column":24},"end":{"line":183,"column":25}},"loc":{"start":{"line":183,"column":31},"end":{"line":183,"column":null}},"line":183},"20":{"name":"(anonymous_20)","decl":{"start":{"line":189,"column":58},"end":{"line":189,"column":59}},"loc":{"start":{"line":189,"column":65},"end":{"line":189,"column":null}},"line":189},"21":{"name":"(anonymous_21)","decl":{"start":{"line":195,"column":97},"end":{"line":195,"column":98}},"loc":{"start":{"line":195,"column":108},"end":{"line":196,"column":40}},"line":195},"22":{"name":"(anonymous_22)","decl":{"start":{"line":208,"column":28},"end":{"line":208,"column":null}},"loc":{"start":{"line":208,"column":28},"end":{"line":209,"column":41}},"line":208},"23":{"name":"(anonymous_23)","decl":{"start":{"line":220,"column":27},"end":{"line":220,"column":null}},"loc":{"start":{"line":220,"column":27},"end":{"line":221,"column":41}},"line":220},"24":{"name":"(anonymous_24)","decl":{"start":{"line":232,"column":31},"end":{"line":232,"column":null}},"loc":{"start":{"line":232,"column":31},"end":{"line":233,"column":44}},"line":232},"25":{"name":"(anonymous_25)","decl":{"start":{"line":244,"column":40},"end":{"line":244,"column":null}},"loc":{"start":{"line":244,"column":40},"end":{"line":245,"column":42}},"line":244},"26":{"name":"(anonymous_26)","decl":{"start":{"line":257,"column":26},"end":{"line":257,"column":27}},"loc":{"start":{"line":257,"column":33},"end":{"line":257,"column":null}},"line":257},"27":{"name":"(anonymous_27)","decl":{"start":{"line":264,"column":26},"end":{"line":264,"column":27}},"loc":{"start":{"line":264,"column":33},"end":{"line":264,"column":null}},"line":264},"28":{"name":"(anonymous_28)","decl":{"start":{"line":274,"column":26},"end":{"line":274,"column":27}},"loc":{"start":{"line":274,"column":33},"end":{"line":274,"column":null}},"line":274},"29":{"name":"(anonymous_29)","decl":{"start":{"line":281,"column":26},"end":{"line":281,"column":27}},"loc":{"start":{"line":281,"column":33},"end":{"line":281,"column":null}},"line":281},"30":{"name":"(anonymous_30)","decl":{"start":{"line":322,"column":27},"end":{"line":322,"column":33}},"loc":{"start":{"line":322,"column":33},"end":{"line":322,"column":null}},"line":322},"31":{"name":"(anonymous_31)","decl":{"start":{"line":330,"column":27},"end":{"line":330,"column":33}},"loc":{"start":{"line":330,"column":33},"end":{"line":330,"column":null}},"line":330},"32":{"name":"(anonymous_32)","decl":{"start":{"line":338,"column":27},"end":{"line":338,"column":33}},"loc":{"start":{"line":338,"column":33},"end":{"line":338,"column":null}},"line":338},"33":{"name":"(anonymous_33)","decl":{"start":{"line":346,"column":27},"end":{"line":346,"column":33}},"loc":{"start":{"line":346,"column":33},"end":{"line":346,"column":null}},"line":346},"34":{"name":"(anonymous_34)","decl":{"start":{"line":354,"column":27},"end":{"line":354,"column":33}},"loc":{"start":{"line":354,"column":33},"end":{"line":354,"column":null}},"line":354},"35":{"name":"(anonymous_35)","decl":{"start":{"line":365,"column":27},"end":{"line":365,"column":33}},"loc":{"start":{"line":365,"column":33},"end":{"line":365,"column":null}},"line":365},"36":{"name":"(anonymous_36)","decl":{"start":{"line":384,"column":33},"end":{"line":384,"column":34}},"loc":{"start":{"line":384,"column":40},"end":{"line":386,"column":null}},"line":384},"37":{"name":"(anonymous_37)","decl":{"start":{"line":450,"column":23},"end":{"line":450,"column":29}},"loc":{"start":{"line":450,"column":29},"end":{"line":450,"column":null}},"line":450},"38":{"name":"(anonymous_38)","decl":{"start":{"line":450,"column":44},"end":{"line":450,"column":52}},"loc":{"start":{"line":450,"column":52},"end":{"line":450,"column":null}},"line":450},"39":{"name":"(anonymous_39)","decl":{"start":{"line":456,"column":63},"end":{"line":456,"column":64}},"loc":{"start":{"line":456,"column":67},"end":{"line":482,"column":null}},"line":456},"40":{"name":"(anonymous_40)","decl":{"start":{"line":473,"column":29},"end":{"line":473,"column":35}},"loc":{"start":{"line":473,"column":35},"end":{"line":473,"column":null}},"line":473},"41":{"name":"(anonymous_41)","decl":{"start":{"line":487,"column":23},"end":{"line":487,"column":29}},"loc":{"start":{"line":487,"column":29},"end":{"line":487,"column":null}},"line":487},"42":{"name":"(anonymous_42)","decl":{"start":{"line":487,"column":44},"end":{"line":487,"column":52}},"loc":{"start":{"line":487,"column":52},"end":{"line":487,"column":null}},"line":487}},"branchMap":{"0":{"loc":{"start":{"line":54,"column":4},"end":{"line":57,"column":null}},"type":"if","locations":[{"start":{"line":54,"column":4},"end":{"line":57,"column":null}},{"start":{},"end":{}}],"line":54},"1":{"loc":{"start":{"line":59,"column":4},"end":{"line":66,"column":null}},"type":"if","locations":[{"start":{"line":59,"column":4},"end":{"line":66,"column":null}},{"start":{},"end":{}}],"line":59},"2":{"loc":{"start":{"line":63,"column":10},"end":{"line":64,"column":null}},"type":"binary-expr","locations":[{"start":{"line":63,"column":10},"end":{"line":63,"column":null}},{"start":{"line":64,"column":10},"end":{"line":64,"column":null}}],"line":63},"3":{"loc":{"start":{"line":68,"column":4},"end":{"line":70,"column":null}},"type":"if","locations":[{"start":{"line":68,"column":4},"end":{"line":70,"column":null}},{"start":{},"end":{}}],"line":68},"4":{"loc":{"start":{"line":72,"column":4},"end":{"line":74,"column":null}},"type":"if","locations":[{"start":{"line":72,"column":4},"end":{"line":74,"column":null}},{"start":{},"end":{}}],"line":72},"5":{"loc":{"start":{"line":76,"column":4},"end":{"line":78,"column":null}},"type":"if","locations":[{"start":{"line":76,"column":4},"end":{"line":78,"column":null}},{"start":{},"end":{}}],"line":76},"6":{"loc":{"start":{"line":80,"column":4},"end":{"line":86,"column":null}},"type":"if","locations":[{"start":{"line":80,"column":4},"end":{"line":86,"column":null}},{"start":{},"end":{}}],"line":80},"7":{"loc":{"start":{"line":84,"column":15},"end":{"line":84,"column":null}},"type":"cond-expr","locations":[{"start":{"line":84,"column":34},"end":{"line":84,"column":80}},{"start":{"line":84,"column":80},"end":{"line":84,"column":null}}],"line":84},"8":{"loc":{"start":{"line":88,"column":4},"end":{"line":90,"column":null}},"type":"if","locations":[{"start":{"line":88,"column":4},"end":{"line":90,"column":null}},{"start":{},"end":{}}],"line":88},"9":{"loc":{"start":{"line":92,"column":4},"end":{"line":94,"column":null}},"type":"if","locations":[{"start":{"line":92,"column":4},"end":{"line":94,"column":null}},{"start":{},"end":{}}],"line":92},"10":{"loc":{"start":{"line":96,"column":4},"end":{"line":98,"column":null}},"type":"if","locations":[{"start":{"line":96,"column":4},"end":{"line":98,"column":null}},{"start":{},"end":{}}],"line":96},"11":{"loc":{"start":{"line":100,"column":4},"end":{"line":102,"column":null}},"type":"if","locations":[{"start":{"line":100,"column":4},"end":{"line":102,"column":null}},{"start":{},"end":{}}],"line":100},"12":{"loc":{"start":{"line":109,"column":6},"end":{"line":113,"column":null}},"type":"if","locations":[{"start":{"line":109,"column":6},"end":{"line":113,"column":null}},{"start":{},"end":{}}],"line":109},"13":{"loc":{"start":{"line":109,"column":10},"end":{"line":109,"column":64}},"type":"binary-expr","locations":[{"start":{"line":109,"column":10},"end":{"line":109,"column":38}},{"start":{"line":109,"column":38},"end":{"line":109,"column":64}}],"line":109},"14":{"loc":{"start":{"line":110,"column":15},"end":{"line":112,"column":null}},"type":"cond-expr","locations":[{"start":{"line":111,"column":12},"end":{"line":111,"column":null}},{"start":{"line":112,"column":12},"end":{"line":112,"column":null}}],"line":110},"15":{"loc":{"start":{"line":115,"column":6},"end":{"line":117,"column":null}},"type":"if","locations":[{"start":{"line":115,"column":6},"end":{"line":117,"column":null}},{"start":{},"end":{}}],"line":115},"16":{"loc":{"start":{"line":115,"column":10},"end":{"line":115,"column":64}},"type":"binary-expr","locations":[{"start":{"line":115,"column":10},"end":{"line":115,"column":38}},{"start":{"line":115,"column":38},"end":{"line":115,"column":64}}],"line":115},"17":{"loc":{"start":{"line":116,"column":15},"end":{"line":116,"column":null}},"type":"cond-expr","locations":[{"start":{"line":116,"column":41},"end":{"line":116,"column":55}},{"start":{"line":116,"column":55},"end":{"line":116,"column":null}}],"line":116},"18":{"loc":{"start":{"line":132,"column":4},"end":{"line":137,"column":null}},"type":"if","locations":[{"start":{"line":132,"column":4},"end":{"line":137,"column":null}},{"start":{"line":134,"column":11},"end":{"line":137,"column":null}}],"line":132},"19":{"loc":{"start":{"line":133,"column":31},"end":{"line":133,"column":null}},"type":"cond-expr","locations":[{"start":{"line":133,"column":48},"end":{"line":133,"column":57}},{"start":{"line":133,"column":57},"end":{"line":133,"column":null}}],"line":133},"20":{"loc":{"start":{"line":149,"column":4},"end":{"line":149,"column":null}},"type":"if","locations":[{"start":{"line":149,"column":4},"end":{"line":149,"column":null}},{"start":{},"end":{}}],"line":149},"21":{"loc":{"start":{"line":150,"column":4},"end":{"line":150,"column":null}},"type":"if","locations":[{"start":{"line":150,"column":4},"end":{"line":150,"column":null}},{"start":{},"end":{}}],"line":150},"22":{"loc":{"start":{"line":155,"column":4},"end":{"line":155,"column":null}},"type":"if","locations":[{"start":{"line":155,"column":4},"end":{"line":155,"column":null}},{"start":{},"end":{}}],"line":155},"23":{"loc":{"start":{"line":156,"column":11},"end":{"line":158,"column":null}},"type":"cond-expr","locations":[{"start":{"line":156,"column":29},"end":{"line":158,"column":9}},{"start":{"line":158,"column":8},"end":{"line":158,"column":null}}],"line":156},"24":{"loc":{"start":{"line":246,"column":21},"end":{"line":246,"column":null}},"type":"cond-expr","locations":[{"start":{"line":246,"column":35},"end":{"line":246,"column":50}},{"start":{"line":246,"column":50},"end":{"line":246,"column":null}}],"line":246},"25":{"loc":{"start":{"line":286,"column":14},"end":{"line":294,"column":null}},"type":"binary-expr","locations":[{"start":{"line":286,"column":14},"end":{"line":286,"column":42}},{"start":{"line":286,"column":42},"end":{"line":286,"column":66}},{"start":{"line":286,"column":66},"end":{"line":286,"column":null}},{"start":{"line":287,"column":14},"end":{"line":287,"column":41}},{"start":{"line":287,"column":41},"end":{"line":287,"column":68}},{"start":{"line":287,"column":68},"end":{"line":287,"column":80}},{"start":{"line":287,"column":80},"end":{"line":287,"column":null}},{"start":{"line":288,"column":14},"end":{"line":288,"column":27}},{"start":{"line":288,"column":27},"end":{"line":288,"column":35}},{"start":{"line":288,"column":35},"end":{"line":294,"column":null}}],"line":286},"26":{"loc":{"start":{"line":302,"column":10},"end":{"line":309,"column":null}},"type":"binary-expr","locations":[{"start":{"line":302,"column":10},"end":{"line":302,"column":38}},{"start":{"line":302,"column":38},"end":{"line":302,"column":62}},{"start":{"line":302,"column":62},"end":{"line":302,"column":null}},{"start":{"line":303,"column":10},"end":{"line":303,"column":37}},{"start":{"line":303,"column":37},"end":{"line":303,"column":64}},{"start":{"line":303,"column":64},"end":{"line":303,"column":76}},{"start":{"line":303,"column":76},"end":{"line":303,"column":null}},{"start":{"line":304,"column":10},"end":{"line":304,"column":23}},{"start":{"line":304,"column":23},"end":{"line":304,"column":31}},{"start":{"line":304,"column":31},"end":{"line":309,"column":null}}],"line":302},"27":{"loc":{"start":{"line":374,"column":13},"end":{"line":386,"column":null}},"type":"cond-expr","locations":[{"start":{"line":374,"column":39},"end":{"line":384,"column":29}},{"start":{"line":384,"column":14},"end":{"line":386,"column":null}}],"line":374},"28":{"loc":{"start":{"line":415,"column":24},"end":{"line":416,"column":null}},"type":"cond-expr","locations":[{"start":{"line":415,"column":50},"end":{"line":415,"column":null}},{"start":{"line":416,"column":24},"end":{"line":416,"column":null}}],"line":415},"29":{"loc":{"start":{"line":416,"column":24},"end":{"line":416,"column":null}},"type":"cond-expr","locations":[{"start":{"line":416,"column":50},"end":{"line":416,"column":67}},{"start":{"line":416,"column":67},"end":{"line":416,"column":null}}],"line":416},"30":{"loc":{"start":{"line":441,"column":7},"end":{"line":490,"column":null}},"type":"binary-expr","locations":[{"start":{"line":441,"column":7},"end":{"line":441,"column":null}},{"start":{"line":441,"column":20},"end":{"line":490,"column":null}}],"line":441},"31":{"loc":{"start":{"line":458,"column":16},"end":{"line":466,"column":null}},"type":"if","locations":[{"start":{"line":458,"column":16},"end":{"line":466,"column":null}},{"start":{"line":460,"column":23},"end":{"line":466,"column":null}}],"line":458},"32":{"loc":{"start":{"line":460,"column":23},"end":{"line":466,"column":null}},"type":"if","locations":[{"start":{"line":460,"column":23},"end":{"line":466,"column":null}},{"start":{"line":462,"column":23},"end":{"line":466,"column":null}}],"line":460},"33":{"loc":{"start":{"line":462,"column":23},"end":{"line":466,"column":null}},"type":"if","locations":[{"start":{"line":462,"column":23},"end":{"line":466,"column":null}},{"start":{"line":464,"column":23},"end":{"line":466,"column":null}}],"line":462},"34":{"loc":{"start":{"line":471,"column":29},"end":{"line":471,"column":null}},"type":"cond-expr","locations":[{"start":{"line":471,"column":52},"end":{"line":471,"column":64}},{"start":{"line":471,"column":64},"end":{"line":471,"column":null}}],"line":471},"35":{"loc":{"start":{"line":476,"column":22},"end":{"line":476,"column":null}},"type":"binary-expr","locations":[{"start":{"line":476,"column":22},"end":{"line":476,"column":46}},{"start":{"line":476,"column":46},"end":{"line":476,"column":null}}],"line":476}},"s":{"0":30,"1":30,"2":30,"3":30,"4":30,"5":30,"6":30,"7":30,"8":30,"9":30,"10":30,"11":30,"12":30,"13":30,"14":30,"15":30,"16":30,"17":0,"18":0,"19":0,"20":30,"21":0,"22":0,"23":0,"24":30,"25":0,"26":0,"27":30,"28":0,"29":0,"30":30,"31":0,"32":0,"33":30,"34":0,"35":0,"36":0,"37":0,"38":30,"39":18,"40":36,"41":30,"42":0,"43":0,"44":30,"45":2,"46":4,"47":30,"48":0,"49":0,"50":30,"51":27,"52":27,"53":27,"54":0,"55":27,"56":27,"57":0,"58":30,"59":30,"60":30,"61":30,"62":0,"63":0,"64":0,"65":0,"66":0,"67":30,"68":171,"69":30,"70":57,"71":57,"72":57,"73":57,"74":57,"75":0,"76":0,"77":0,"78":30,"79":180,"80":150,"81":30,"82":30,"83":1,"84":1,"85":1,"86":1,"87":1,"88":1,"89":1,"90":1,"91":1,"92":30,"93":0,"94":0,"95":510,"96":210,"97":150,"98":150,"99":120,"100":18,"101":0,"102":2,"103":0,"104":0,"105":0,"106":0,"107":0,"108":0,"109":0,"110":57,"111":0,"112":0,"113":0,"114":0,"115":0,"116":0,"117":0,"118":0,"119":0,"120":0,"121":0,"122":0,"123":0},"f":{"0":30,"1":30,"2":0,"3":0,"4":0,"5":0,"6":0,"7":0,"8":36,"9":0,"10":4,"11":0,"12":27,"13":0,"14":0,"15":171,"16":57,"17":180,"18":1,"19":0,"20":0,"21":510,"22":210,"23":150,"24":150,"25":120,"26":18,"27":0,"28":2,"29":0,"30":0,"31":0,"32":0,"33":0,"34":0,"35":0,"36":57,"37":0,"38":0,"39":0,"40":0,"41":0,"42":0},"b":{"0":[0,30],"1":[0,30],"2":[0,0],"3":[0,30],"4":[0,30],"5":[0,30],"6":[0,30],"7":[0,0],"8":[18,12],"9":[0,30],"10":[2,28],"11":[0,30],"12":[0,27],"13":[27,0],"14":[0,0],"15":[27,0],"16":[27,27],"17":[0,27],"18":[0,0],"19":[0,0],"20":[57,0],"21":[0,0],"22":[150,30],"23":[0,30],"24":[30,90],"25":[30,30,30,30,30,30,12,12,10,20],"26":[30,30,30,30,30,30,12,12,10,20],"27":[0,30],"28":[57,0],"29":[0,0],"30":[30,0],"31":[0,0],"32":[0,0],"33":[0,0],"34":[0,0],"35":[0,0]},"meta":{"lastBranch":36,"lastFunction":43,"lastStatement":124,"seen":{"f:34:16:34:27":0,"s:35:27:35:Infinity":0,"s:36:43:36:Infinity":1,"s:37:35:37:Infinity":2,"s:38:35:38:Infinity":3,"s:39:41:39:Infinity":4,"s:40:41:40:Infinity":5,"s:41:31:41:Infinity":6,"s:42:31:42:Infinity":7,"s:43:33:43:Infinity":8,"s:44:33:44:Infinity":9,"s:45:33:45:Infinity":10,"s:46:41:46:Infinity":11,"s:47:37:47:Infinity":12,"s:48:23:48:Infinity":13,"s:50:8:123:Infinity":14,"f:50:41:50:Infinity":1,"s:51:17:51:Infinity":15,"b:54:4:57:Infinity:undefined:undefined:undefined:undefined":0,"s:54:4:57:Infinity":16,"s:55:18:55:Infinity":17,"s:56:6:56:Infinity":18,"f:56:29:56:37":2,"s:56:37:56:Infinity":19,"b:59:4:66:Infinity:undefined:undefined:undefined:undefined":1,"s:59:4:66:Infinity":20,"s:60:26:60:Infinity":21,"s:61:6:64:Infinity":22,"f:62:8:62:Infinity":3,"s:63:10:64:Infinity":23,"b:63:10:63:Infinity:64:10:64:Infinity":2,"b:68:4:70:Infinity:undefined:undefined:undefined:undefined":3,"s:68:4:70:Infinity":24,"s:69:6:69:Infinity":25,"f:69:29:69:37":4,"s:69:37:69:Infinity":26,"b:72:4:74:Infinity:undefined:undefined:undefined:undefined":4,"s:72:4:74:Infinity":27,"s:73:6:73:Infinity":28,"f:73:29:73:37":5,"s:73:37:73:Infinity":29,"b:76:4:78:Infinity:undefined:undefined:undefined:undefined":5,"s:76:4:78:Infinity":30,"s:77:6:77:Infinity":31,"f:77:29:77:37":6,"s:77:37:77:Infinity":32,"b:80:4:86:Infinity:undefined:undefined:undefined:undefined":6,"s:80:4:86:Infinity":33,"s:81:27:81:Infinity":34,"s:82:6:85:Infinity":35,"f:82:29:82:Infinity":7,"s:83:33:83:68":36,"s:84:8:84:Infinity":37,"b:84:34:84:80:84:80:84:Infinity":7,"b:88:4:90:Infinity:undefined:undefined:undefined:undefined":8,"s:88:4:90:Infinity":38,"s:89:6:89:Infinity":39,"f:89:29:89:37":8,"s:89:37:89:Infinity":40,"b:92:4:94:Infinity:undefined:undefined:undefined:undefined":9,"s:92:4:94:Infinity":41,"s:93:6:93:Infinity":42,"f:93:29:93:37":9,"s:93:37:93:Infinity":43,"b:96:4:98:Infinity:undefined:undefined:undefined:undefined":10,"s:96:4:98:Infinity":44,"s:97:6:97:Infinity":45,"f:97:29:97:37":10,"s:97:37:97:Infinity":46,"b:100:4:102:Infinity:undefined:undefined:undefined:undefined":11,"s:100:4:102:Infinity":47,"s:101:6:101:Infinity":48,"f:101:29:101:37":11,"s:101:37:101:Infinity":49,"s:105:4:120:Infinity":50,"f:105:16:105:17":12,"s:106:19:106:31":51,"s:107:19:107:31":52,"b:109:6:113:Infinity:undefined:undefined:undefined:undefined":12,"s:109:6:113:Infinity":53,"b:109:10:109:38:109:38:109:64":13,"s:110:8:112:Infinity":54,"b:111:12:111:Infinity:112:12:112:Infinity":14,"b:115:6:117:Infinity:undefined:undefined:undefined:undefined":15,"s:115:6:117:Infinity":55,"b:115:10:115:38:115:38:115:64":16,"s:116:8:116:Infinity":56,"b:116:41:116:55:116:55:116:Infinity":17,"s:119:6:119:Infinity":57,"s:122:4:122:Infinity":58,"s:125:21:125:Infinity":59,"s:126:25:128:Infinity":60,"s:131:21:138:Infinity":61,"f:131:21:131:22":13,"b:132:4:137:Infinity:134:11:137:Infinity":18,"s:132:4:137:Infinity":62,"s:133:6:133:Infinity":63,"f:133:23:133:31":14,"s:133:31:133:Infinity":64,"b:133:48:133:57:133:57:133:Infinity":19,"s:135:6:135:Infinity":65,"s:136:6:136:Infinity":66,"s:140:22:142:Infinity":67,"f:140:22:140:23":15,"s:141:4:141:Infinity":68,"s:144:21:152:Infinity":69,"f:144:21:144:22":16,"s:145:17:145:Infinity":70,"s:146:16:146:Infinity":71,"s:147:24:147:Infinity":72,"b:149:4:149:Infinity:undefined:undefined:undefined:undefined":20,"s:149:4:149:Infinity":73,"s:149:25:149:Infinity":74,"b:150:4:150:Infinity:undefined:undefined:undefined:undefined":21,"s:150:4:150:Infinity":75,"s:150:26:150:Infinity":76,"s:151:4:151:Infinity":77,"s:154:19:159:Infinity":78,"f:154:19:154:20":17,"b:155:4:155:Infinity:undefined:undefined:undefined:undefined":22,"s:155:4:155:Infinity":79,"s:155:29:155:Infinity":80,"s:156:4:158:Infinity":81,"b:156:29:158:9:158:8:158:Infinity":23,"s:161:26:171:Infinity":82,"f:161:26:161:Infinity":18,"s:162:4:162:Infinity":83,"s:163:4:163:Infinity":84,"s:164:4:164:Infinity":85,"s:165:4:165:Infinity":86,"s:166:4:166:Infinity":87,"s:167:4:167:Infinity":88,"s:168:4:168:Infinity":89,"s:169:4:169:Infinity":90,"s:170:4:170:Infinity":91,"s:173:2:490:Infinity":92,"f:183:24:183:25":19,"s:183:31:183:Infinity":93,"f:189:58:189:59":20,"s:189:65:189:Infinity":94,"f:195:97:195:98":21,"s:195:108:196:40":95,"f:208:28:208:Infinity":22,"s:208:28:209:41":96,"f:220:27:220:Infinity":23,"s:220:27:221:41":97,"f:232:31:232:Infinity":24,"s:232:31:233:44":98,"f:244:40:244:Infinity":25,"s:244:40:245:42":99,"b:246:35:246:50:246:50:246:Infinity":24,"f:257:26:257:27":26,"s:257:33:257:Infinity":100,"f:264:26:264:27":27,"s:264:33:264:Infinity":101,"f:274:26:274:27":28,"s:274:33:274:Infinity":102,"f:281:26:281:27":29,"s:281:33:281:Infinity":103,"b:286:14:286:42:286:42:286:66:286:66:286:Infinity:287:14:287:41:287:41:287:68:287:68:287:80:287:80:287:Infinity:288:14:288:27:288:27:288:35:288:35:294:Infinity":25,"b:302:10:302:38:302:38:302:62:302:62:302:Infinity:303:10:303:37:303:37:303:64:303:64:303:76:303:76:303:Infinity:304:10:304:23:304:23:304:31:304:31:309:Infinity":26,"f:322:27:322:33":30,"s:322:33:322:Infinity":104,"f:330:27:330:33":31,"s:330:33:330:Infinity":105,"f:338:27:338:33":32,"s:338:33:338:Infinity":106,"f:346:27:346:33":33,"s:346:33:346:Infinity":107,"f:354:27:354:33":34,"s:354:33:354:Infinity":108,"f:365:27:365:33":35,"s:365:33:365:Infinity":109,"b:374:39:384:29:384:14:386:Infinity":27,"f:384:33:384:34":36,"s:384:40:386:Infinity":110,"b:415:50:415:Infinity:416:24:416:Infinity":28,"b:416:50:416:67:416:67:416:Infinity":29,"b:441:7:441:Infinity:441:20:490:Infinity":30,"f:450:23:450:29":37,"s:450:29:450:Infinity":111,"f:450:44:450:52":38,"s:450:52:450:Infinity":112,"f:456:63:456:64":39,"b:458:16:466:Infinity:460:23:466:Infinity":31,"s:458:16:466:Infinity":113,"s:459:18:459:Infinity":114,"b:460:23:466:Infinity:462:23:466:Infinity":32,"s:460:23:466:Infinity":115,"s:461:18:461:Infinity":116,"b:462:23:466:Infinity:464:23:466:Infinity":33,"s:462:23:466:Infinity":117,"s:463:18:463:Infinity":118,"s:465:18:465:Infinity":119,"s:468:16:470:Infinity":120,"b:471:52:471:64:471:64:471:Infinity":34,"f:473:29:473:35":40,"s:473:35:473:Infinity":121,"b:476:22:476:46:476:46:476:Infinity":35,"f:487:23:487:29":41,"s:487:29:487:Infinity":122,"f:487:44:487:52":42,"s:487:52:487:Infinity":123}}}
,"/home/g0dsssp33d/work/projects/albion-market-insights/src/components/ui/button.tsx": {"path":"/home/g0dsssp33d/work/projects/albion-market-insights/src/components/ui/button.tsx","statementMap":{"0":{"start":{"line":7,"column":6},"end":{"line":30,"column":null}},"1":{"start":{"line":39,"column":15},"end":{"line":43,"column":null}},"2":{"start":{"line":41,"column":17},"end":{"line":41,"column":null}},"3":{"start":{"line":42,"column":4},"end":{"line":42,"column":null}},"4":{"start":{"line":45,"column":0},"end":{"line":45,"column":null}}},"fnMap":{"0":{"name":"(anonymous_0)","decl":{"start":{"line":40,"column":2},"end":{"line":40,"column":3}},"loc":{"start":{"line":40,"column":60},"end":{"line":43,"column":null}},"line":40}},"branchMap":{"0":{"loc":{"start":{"line":40,"column":31},"end":{"line":40,"column":46}},"type":"default-arg","locations":[{"start":{"line":40,"column":41},"end":{"line":40,"column":46}}],"line":40},"1":{"loc":{"start":{"line":41,"column":17},"end":{"line":41,"column":null}},"type":"cond-expr","locations":[{"start":{"line":41,"column":27},"end":{"line":41,"column":34}},{"start":{"line":41,"column":34},"end":{"line":41,"column":null}}],"line":41}},"s":{"0":4,"1":4,"2":92,"3":92,"4":4},"f":{"0":92},"b":{"0":[92],"1":[4,88]},"meta":{"lastBranch":2,"lastFunction":1,"lastStatement":5,"seen":{"s:7:6:30:Infinity":0,"s:39:15:43:Infinity":1,"f:40:2:40:3":0,"b:40:41:40:46":0,"s:41:17:41:Infinity":2,"b:41:27:41:34:41:34:41:Infinity":1,"s:42:4:42:Infinity":3,"s:45:0:45:Infinity":4}}}
,"/home/g0dsssp33d/work/projects/albion-market-insights/src/components/ui/checkbox.tsx": {"path":"/home/g0dsssp33d/work/projects/albion-market-insights/src/components/ui/checkbox.tsx","statementMap":{"0":{"start":{"line":7,"column":17},"end":{"line":20,"column":null}},"1":{"start":{"line":10,"column":28},"end":{"line":20,"column":null}},"2":{"start":{"line":24,"column":0},"end":{"line":24,"column":null}}},"fnMap":{"0":{"name":"(anonymous_0)","decl":{"start":{"line":10,"column":2},"end":{"line":10,"column":3}},"loc":{"start":{"line":10,"column":28},"end":{"line":20,"column":null}},"line":10}},"branchMap":{},"s":{"0":1,"1":8,"2":1},"f":{"0":8},"b":{},"meta":{"lastBranch":0,"lastFunction":1,"lastStatement":3,"seen":{"s:7:17:20:Infinity":0,"f:10:2:10:3":0,"s:10:28:20:Infinity":1,"s:24:0:24:Infinity":2}}}
,"/home/g0dsssp33d/work/projects/albion-market-insights/src/components/ui/dialog.tsx": {"path":"/home/g0dsssp33d/work/projects/albion-market-insights/src/components/ui/dialog.tsx","statementMap":{"0":{"start":{"line":7,"column":15},"end":{"line":7,"column":35}},"1":{"start":{"line":9,"column":22},"end":{"line":9,"column":45}},"2":{"start":{"line":11,"column":21},"end":{"line":11,"column":43}},"3":{"start":{"line":13,"column":20},"end":{"line":13,"column":41}},"4":{"start":{"line":15,"column":22},"end":{"line":25,"column":null}},"5":{"start":{"line":18,"column":28},"end":{"line":25,"column":null}},"6":{"start":{"line":28,"column":0},"end":{"line":28,"column":null}},"7":{"start":{"line":30,"column":22},"end":{"line":47,"column":null}},"8":{"start":{"line":33,"column":38},"end":{"line":47,"column":null}},"9":{"start":{"line":52,"column":0},"end":{"line":52,"column":null}},"10":{"start":{"line":54,"column":21},"end":{"line":55,"column":null}},"11":{"start":{"line":54,"column":83},"end":{"line":55,"column":null}},"12":{"start":{"line":57,"column":0},"end":{"line":57,"column":null}},"13":{"start":{"line":59,"column":21},"end":{"line":60,"column":null}},"14":{"start":{"line":59,"column":83},"end":{"line":60,"column":null}},"15":{"start":{"line":62,"column":0},"end":{"line":62,"column":null}},"16":{"start":{"line":64,"column":20},"end":{"line":71,"column":null}},"17":{"start":{"line":67,"column":28},"end":{"line":71,"column":null}},"18":{"start":{"line":74,"column":0},"end":{"line":74,"column":null}},"19":{"start":{"line":76,"column":26},"end":{"line":80,"column":null}},"20":{"start":{"line":79,"column":28},"end":{"line":80,"column":null}},"21":{"start":{"line":82,"column":0},"end":{"line":82,"column":null}}},"fnMap":{"0":{"name":"(anonymous_0)","decl":{"start":{"line":18,"column":2},"end":{"line":18,"column":3}},"loc":{"start":{"line":18,"column":28},"end":{"line":25,"column":null}},"line":18},"1":{"name":"(anonymous_1)","decl":{"start":{"line":33,"column":2},"end":{"line":33,"column":3}},"loc":{"start":{"line":33,"column":38},"end":{"line":47,"column":null}},"line":33},"2":{"name":"(anonymous_2)","decl":{"start":{"line":54,"column":21},"end":{"line":54,"column":22}},"loc":{"start":{"line":54,"column":83},"end":{"line":55,"column":null}},"line":54},"3":{"name":"(anonymous_3)","decl":{"start":{"line":59,"column":21},"end":{"line":59,"column":22}},"loc":{"start":{"line":59,"column":83},"end":{"line":60,"column":null}},"line":59},"4":{"name":"(anonymous_4)","decl":{"start":{"line":67,"column":2},"end":{"line":67,"column":3}},"loc":{"start":{"line":67,"column":28},"end":{"line":71,"column":null}},"line":67},"5":{"name":"(anonymous_5)","decl":{"start":{"line":79,"column":2},"end":{"line":79,"column":3}},"loc":{"start":{"line":79,"column":28},"end":{"line":80,"column":null}},"line":79}},"branchMap":{},"s":{"0":1,"1":1,"2":1,"3":1,"4":1,"5":6,"6":1,"7":1,"8":20,"9":1,"10":1,"11":4,"12":1,"13":1,"14":4,"15":1,"16":1,"17":4,"18":1,"19":1,"20":4,"21":1},"f":{"0":6,"1":20,"2":4,"3":4,"4":4,"5":4},"b":{},"meta":{"lastBranch":0,"lastFunction":6,"lastStatement":22,"seen":{"s:7:15:7:35":0,"s:9:22:9:45":1,"s:11:21:11:43":2,"s:13:20:13:41":3,"s:15:22:25:Infinity":4,"f:18:2:18:3":0,"s:18:28:25:Infinity":5,"s:28:0:28:Infinity":6,"s:30:22:47:Infinity":7,"f:33:2:33:3":1,"s:33:38:47:Infinity":8,"s:52:0:52:Infinity":9,"s:54:21:55:Infinity":10,"f:54:21:54:22":2,"s:54:83:55:Infinity":11,"s:57:0:57:Infinity":12,"s:59:21:60:Infinity":13,"f:59:21:59:22":3,"s:59:83:60:Infinity":14,"s:62:0:62:Infinity":15,"s:64:20:71:Infinity":16,"f:67:2:67:3":4,"s:67:28:71:Infinity":17,"s:74:0:74:Infinity":18,"s:76:26:80:Infinity":19,"f:79:2:79:3":5,"s:79:28:80:Infinity":20,"s:82:0:82:Infinity":21}}}
,"/home/g0dsssp33d/work/projects/albion-market-insights/src/components/ui/form.tsx": {"path":"/home/g0dsssp33d/work/projects/albion-market-insights/src/components/ui/form.tsx","statementMap":{"0":{"start":{"line":9,"column":13},"end":{"line":9,"column":null}},"1":{"start":{"line":18,"column":25},"end":{"line":18,"column":null}},"2":{"start":{"line":20,"column":18},"end":{"line":31,"column":null}},"3":{"start":{"line":26,"column":2},"end":{"line":28,"column":null}},"4":{"start":{"line":33,"column":21},"end":{"line":54,"column":null}},"5":{"start":{"line":34,"column":23},"end":{"line":34,"column":null}},"6":{"start":{"line":35,"column":22},"end":{"line":35,"column":null}},"7":{"start":{"line":36,"column":36},"end":{"line":36,"column":null}},"8":{"start":{"line":38,"column":21},"end":{"line":38,"column":null}},"9":{"start":{"line":40,"column":2},"end":{"line":42,"column":null}},"10":{"start":{"line":41,"column":4},"end":{"line":41,"column":null}},"11":{"start":{"line":44,"column":17},"end":{"line":44,"column":null}},"12":{"start":{"line":46,"column":2},"end":{"line":53,"column":null}},"13":{"start":{"line":60,"column":24},"end":{"line":60,"column":null}},"14":{"start":{"line":62,"column":17},"end":{"line":71,"column":null}},"15":{"start":{"line":64,"column":15},"end":{"line":64,"column":null}},"16":{"start":{"line":66,"column":4},"end":{"line":68,"column":null}},"17":{"start":{"line":73,"column":0},"end":{"line":73,"column":null}},"18":{"start":{"line":75,"column":18},"end":{"line":82,"column":null}},"19":{"start":{"line":79,"column":32},"end":{"line":79,"column":null}},"20":{"start":{"line":81,"column":2},"end":{"line":81,"column":null}},"21":{"start":{"line":83,"column":0},"end":{"line":83,"column":null}},"22":{"start":{"line":85,"column":20},"end":{"line":98,"column":null}},"23":{"start":{"line":87,"column":68},"end":{"line":87,"column":null}},"24":{"start":{"line":89,"column":4},"end":{"line":95,"column":null}},"25":{"start":{"line":100,"column":0},"end":{"line":100,"column":null}},"26":{"start":{"line":102,"column":24},"end":{"line":107,"column":null}},"27":{"start":{"line":104,"column":34},"end":{"line":104,"column":null}},"28":{"start":{"line":106,"column":4},"end":{"line":106,"column":null}},"29":{"start":{"line":109,"column":0},"end":{"line":109,"column":null}},"30":{"start":{"line":111,"column":20},"end":{"line":125,"column":null}},"31":{"start":{"line":113,"column":37},"end":{"line":113,"column":null}},"32":{"start":{"line":114,"column":17},"end":{"line":114,"column":null}},"33":{"start":{"line":116,"column":4},"end":{"line":118,"column":null}},"34":{"start":{"line":117,"column":6},"end":{"line":117,"column":null}},"35":{"start":{"line":120,"column":4},"end":{"line":122,"column":null}},"36":{"start":{"line":127,"column":0},"end":{"line":127,"column":null}}},"fnMap":{"0":{"name":"(anonymous_0)","decl":{"start":{"line":20,"column":18},"end":{"line":20,"column":null}},"loc":{"start":{"line":25,"column":39},"end":{"line":31,"column":null}},"line":25},"1":{"name":"(anonymous_1)","decl":{"start":{"line":33,"column":21},"end":{"line":33,"column":null}},"loc":{"start":{"line":33,"column":21},"end":{"line":54,"column":null}},"line":33},"2":{"name":"(anonymous_2)","decl":{"start":{"line":63,"column":2},"end":{"line":63,"column":3}},"loc":{"start":{"line":63,"column":28},"end":{"line":71,"column":null}},"line":63},"3":{"name":"(anonymous_3)","decl":{"start":{"line":78,"column":2},"end":{"line":78,"column":3}},"loc":{"start":{"line":78,"column":28},"end":{"line":82,"column":null}},"line":78},"4":{"name":"(anonymous_4)","decl":{"start":{"line":86,"column":2},"end":{"line":86,"column":3}},"loc":{"start":{"line":86,"column":17},"end":{"line":98,"column":null}},"line":86},"5":{"name":"(anonymous_5)","decl":{"start":{"line":103,"column":2},"end":{"line":103,"column":3}},"loc":{"start":{"line":103,"column":28},"end":{"line":107,"column":null}},"line":103},"6":{"name":"(anonymous_6)","decl":{"start":{"line":112,"column":2},"end":{"line":112,"column":3}},"loc":{"start":{"line":112,"column":38},"end":{"line":125,"column":null}},"line":112}},"branchMap":{"0":{"loc":{"start":{"line":40,"column":2},"end":{"line":42,"column":null}},"type":"if","locations":[{"start":{"line":40,"column":2},"end":{"line":42,"column":null}},{"start":{},"end":{}}],"line":40},"1":{"loc":{"start":{"line":81,"column":40},"end":{"line":81,"column":69}},"type":"binary-expr","locations":[{"start":{"line":81,"column":40},"end":{"line":81,"column":49}},{"start":{"line":81,"column":49},"end":{"line":81,"column":69}}],"line":81},"2":{"loc":{"start":{"line":93,"column":26},"end":{"line":93,"column":99}},"type":"cond-expr","locations":[{"start":{"line":93,"column":35},"end":{"line":93,"column":57}},{"start":{"line":93,"column":60},"end":{"line":93,"column":99}}],"line":93},"3":{"loc":{"start":{"line":114,"column":17},"end":{"line":114,"column":null}},"type":"cond-expr","locations":[{"start":{"line":114,"column":25},"end":{"line":114,"column":50}},{"start":{"line":114,"column":50},"end":{"line":114,"column":null}}],"line":114},"4":{"loc":{"start":{"line":116,"column":4},"end":{"line":118,"column":null}},"type":"if","locations":[{"start":{"line":116,"column":4},"end":{"line":118,"column":null}},{"start":{},"end":{}}],"line":116}},"s":{"0":1,"1":1,"2":1,"3":16,"4":1,"5":52,"6":52,"7":52,"8":52,"9":52,"10":0,"11":52,"12":52,"13":1,"14":1,"15":16,"16":16,"17":1,"18":1,"19":20,"20":20,"21":1,"22":1,"23":16,"24":16,"25":1,"26":1,"27":0,"28":0,"29":1,"30":1,"31":16,"32":16,"33":16,"34":12,"35":4,"36":1},"f":{"0":16,"1":52,"2":16,"3":20,"4":16,"5":0,"6":16},"b":{"0":[0,52],"1":[20,4],"2":[12,4],"3":[4,12],"4":[12,4]},"meta":{"lastBranch":5,"lastFunction":7,"lastStatement":37,"seen":{"s:9:13:9:Infinity":0,"s:18:25:18:Infinity":1,"s:20:18:31:Infinity":2,"f:20:18:20:Infinity":0,"s:26:2:28:Infinity":3,"s:33:21:54:Infinity":4,"f:33:21:33:Infinity":1,"s:34:23:34:Infinity":5,"s:35:22:35:Infinity":6,"s:36:36:36:Infinity":7,"s:38:21:38:Infinity":8,"b:40:2:42:Infinity:undefined:undefined:undefined:undefined":0,"s:40:2:42:Infinity":9,"s:41:4:41:Infinity":10,"s:44:17:44:Infinity":11,"s:46:2:53:Infinity":12,"s:60:24:60:Infinity":13,"s:62:17:71:Infinity":14,"f:63:2:63:3":2,"s:64:15:64:Infinity":15,"s:66:4:68:Infinity":16,"s:73:0:73:Infinity":17,"s:75:18:82:Infinity":18,"f:78:2:78:3":3,"s:79:32:79:Infinity":19,"s:81:2:81:Infinity":20,"b:81:40:81:49:81:49:81:69":1,"s:83:0:83:Infinity":21,"s:85:20:98:Infinity":22,"f:86:2:86:3":4,"s:87:68:87:Infinity":23,"s:89:4:95:Infinity":24,"b:93:35:93:57:93:60:93:99":2,"s:100:0:100:Infinity":25,"s:102:24:107:Infinity":26,"f:103:2:103:3":5,"s:104:34:104:Infinity":27,"s:106:4:106:Infinity":28,"s:109:0:109:Infinity":29,"s:111:20:125:Infinity":30,"f:112:2:112:3":6,"s:113:37:113:Infinity":31,"s:114:17:114:Infinity":32,"b:114:25:114:50:114:50:114:Infinity":3,"b:116:4:118:Infinity:undefined:undefined:undefined:undefined":4,"s:116:4:118:Infinity":33,"s:117:6:117:Infinity":34,"s:120:4:122:Infinity":35,"s:127:0:127:Infinity":36}}}
,"/home/g0dsssp33d/work/projects/albion-market-insights/src/components/ui/input.tsx": {"path":"/home/g0dsssp33d/work/projects/albion-market-insights/src/components/ui/input.tsx","statementMap":{"0":{"start":{"line":5,"column":14},"end":{"line":18,"column":null}},"1":{"start":{"line":7,"column":4},"end":{"line":15,"column":null}},"2":{"start":{"line":20,"column":0},"end":{"line":20,"column":null}}},"fnMap":{"0":{"name":"(anonymous_0)","decl":{"start":{"line":6,"column":2},"end":{"line":6,"column":3}},"loc":{"start":{"line":6,"column":34},"end":{"line":18,"column":null}},"line":6}},"branchMap":{},"s":{"0":2,"1":154,"2":2},"f":{"0":154},"b":{},"meta":{"lastBranch":0,"lastFunction":1,"lastStatement":3,"seen":{"s:5:14:18:Infinity":0,"f:6:2:6:3":0,"s:7:4:15:Infinity":1,"s:20:0:20:Infinity":2}}}
,"/home/g0dsssp33d/work/projects/albion-market-insights/src/components/ui/label.tsx": {"path":"/home/g0dsssp33d/work/projects/albion-market-insights/src/components/ui/label.tsx","statementMap":{"0":{"start":{"line":7,"column":6},"end":{"line":7,"column":null}},"1":{"start":{"line":9,"column":14},"end":{"line":13,"column":null}},"2":{"start":{"line":12,"column":28},"end":{"line":13,"column":null}},"3":{"start":{"line":15,"column":0},"end":{"line":15,"column":null}}},"fnMap":{"0":{"name":"(anonymous_0)","decl":{"start":{"line":12,"column":2},"end":{"line":12,"column":3}},"loc":{"start":{"line":12,"column":28},"end":{"line":13,"column":null}},"line":12}},"branchMap":{},"s":{"0":1,"1":1,"2":20,"3":1},"f":{"0":20},"b":{},"meta":{"lastBranch":0,"lastFunction":1,"lastStatement":4,"seen":{"s:7:6:7:Infinity":0,"s:9:14:13:Infinity":1,"f:12:2:12:3":0,"s:12:28:13:Infinity":2,"s:15:0:15:Infinity":3}}}
,"/home/g0dsssp33d/work/projects/albion-market-insights/src/components/ui/select.tsx": {"path":"/home/g0dsssp33d/work/projects/albion-market-insights/src/components/ui/select.tsx","statementMap":{"0":{"start":{"line":7,"column":15},"end":{"line":7,"column":35}},"1":{"start":{"line":9,"column":20},"end":{"line":9,"column":41}},"2":{"start":{"line":11,"column":20},"end":{"line":11,"column":41}},"3":{"start":{"line":13,"column":22},"end":{"line":27,"column":null}},"4":{"start":{"line":16,"column":38},"end":{"line":27,"column":null}},"5":{"start":{"line":31,"column":0},"end":{"line":31,"column":null}},"6":{"start":{"line":33,"column":29},"end":{"line":42,"column":null}},"7":{"start":{"line":36,"column":28},"end":{"line":42,"column":null}},"8":{"start":{"line":45,"column":0},"end":{"line":45,"column":null}},"9":{"start":{"line":47,"column":31},"end":{"line":56,"column":null}},"10":{"start":{"line":50,"column":28},"end":{"line":56,"column":null}},"11":{"start":{"line":59,"column":0},"end":{"line":59,"column":null}},"12":{"start":{"line":61,"column":22},"end":{"line":87,"column":null}},"13":{"start":{"line":64,"column":59},"end":{"line":87,"column":null}},"14":{"start":{"line":91,"column":0},"end":{"line":91,"column":null}},"15":{"start":{"line":93,"column":20},"end":{"line":97,"column":null}},"16":{"start":{"line":96,"column":28},"end":{"line":97,"column":null}},"17":{"start":{"line":99,"column":0},"end":{"line":99,"column":null}},"18":{"start":{"line":101,"column":19},"end":{"line":119,"column":null}},"19":{"start":{"line":104,"column":38},"end":{"line":119,"column":null}},"20":{"start":{"line":122,"column":0},"end":{"line":122,"column":null}},"21":{"start":{"line":124,"column":24},"end":{"line":128,"column":null}},"22":{"start":{"line":127,"column":28},"end":{"line":128,"column":null}},"23":{"start":{"line":130,"column":0},"end":{"line":130,"column":null}}},"fnMap":{"0":{"name":"(anonymous_0)","decl":{"start":{"line":16,"column":2},"end":{"line":16,"column":3}},"loc":{"start":{"line":16,"column":38},"end":{"line":27,"column":null}},"line":16},"1":{"name":"(anonymous_1)","decl":{"start":{"line":36,"column":2},"end":{"line":36,"column":3}},"loc":{"start":{"line":36,"column":28},"end":{"line":42,"column":null}},"line":36},"2":{"name":"(anonymous_2)","decl":{"start":{"line":50,"column":2},"end":{"line":50,"column":3}},"loc":{"start":{"line":50,"column":28},"end":{"line":56,"column":null}},"line":50},"3":{"name":"(anonymous_3)","decl":{"start":{"line":64,"column":2},"end":{"line":64,"column":3}},"loc":{"start":{"line":64,"column":59},"end":{"line":87,"column":null}},"line":64},"4":{"name":"(anonymous_4)","decl":{"start":{"line":96,"column":2},"end":{"line":96,"column":3}},"loc":{"start":{"line":96,"column":28},"end":{"line":97,"column":null}},"line":96},"5":{"name":"(anonymous_5)","decl":{"start":{"line":104,"column":2},"end":{"line":104,"column":3}},"loc":{"start":{"line":104,"column":38},"end":{"line":119,"column":null}},"line":104},"6":{"name":"(anonymous_6)","decl":{"start":{"line":127,"column":2},"end":{"line":127,"column":3}},"loc":{"start":{"line":127,"column":28},"end":{"line":128,"column":null}},"line":127}},"branchMap":{"0":{"loc":{"start":{"line":64,"column":26},"end":{"line":64,"column":45}},"type":"default-arg","locations":[{"start":{"line":64,"column":37},"end":{"line":64,"column":45}}],"line":64},"1":{"loc":{"start":{"line":70,"column":8},"end":{"line":71,"column":null}},"type":"binary-expr","locations":[{"start":{"line":70,"column":8},"end":{"line":70,"column":null}},{"start":{"line":71,"column":10},"end":{"line":71,"column":null}}],"line":70},"2":{"loc":{"start":{"line":81,"column":10},"end":{"line":82,"column":null}},"type":"binary-expr","locations":[{"start":{"line":81,"column":10},"end":{"line":81,"column":null}},{"start":{"line":82,"column":12},"end":{"line":82,"column":null}}],"line":81}},"s":{"0":2,"1":2,"2":2,"3":2,"4":158,"5":2,"6":2,"7":158,"8":2,"9":2,"10":158,"11":2,"12":2,"13":158,"14":2,"15":2,"16":0,"17":2,"18":2,"19":1330,"20":2,"21":2,"22":0,"23":2},"f":{"0":158,"1":158,"2":158,"3":158,"4":0,"5":1330,"6":0},"b":{"0":[158],"1":[158,158],"2":[158,158]},"meta":{"lastBranch":3,"lastFunction":7,"lastStatement":24,"seen":{"s:7:15:7:35":0,"s:9:20:9:41":1,"s:11:20:11:41":2,"s:13:22:27:Infinity":3,"f:16:2:16:3":0,"s:16:38:27:Infinity":4,"s:31:0:31:Infinity":5,"s:33:29:42:Infinity":6,"f:36:2:36:3":1,"s:36:28:42:Infinity":7,"s:45:0:45:Infinity":8,"s:47:31:56:Infinity":9,"f:50:2:50:3":2,"s:50:28:56:Infinity":10,"s:59:0:59:Infinity":11,"s:61:22:87:Infinity":12,"f:64:2:64:3":3,"s:64:59:87:Infinity":13,"b:64:37:64:45":0,"b:70:8:70:Infinity:71:10:71:Infinity":1,"b:81:10:81:Infinity:82:12:82:Infinity":2,"s:91:0:91:Infinity":14,"s:93:20:97:Infinity":15,"f:96:2:96:3":4,"s:96:28:97:Infinity":16,"s:99:0:99:Infinity":17,"s:101:19:119:Infinity":18,"f:104:2:104:3":5,"s:104:38:119:Infinity":19,"s:122:0:122:Infinity":20,"s:124:24:128:Infinity":21,"f:127:2:127:3":6,"s:127:28:128:Infinity":22,"s:130:0:130:Infinity":23}}}
,"/home/g0dsssp33d/work/projects/albion-market-insights/src/components/ui/sonner.tsx": {"path":"/home/g0dsssp33d/work/projects/albion-market-insights/src/components/ui/sonner.tsx","statementMap":{"0":{"start":{"line":6,"column":16},"end":{"line":25,"column":null}},"1":{"start":{"line":7,"column":28},"end":{"line":7,"column":null}},"2":{"start":{"line":9,"column":2},"end":{"line":22,"column":null}}},"fnMap":{"0":{"name":"(anonymous_0)","decl":{"start":{"line":6,"column":16},"end":{"line":6,"column":17}},"loc":{"start":{"line":6,"column":43},"end":{"line":25,"column":null}},"line":6}},"branchMap":{"0":{"loc":{"start":{"line":7,"column":10},"end":{"line":7,"column":26}},"type":"default-arg","locations":[{"start":{"line":7,"column":18},"end":{"line":7,"column":26}}],"line":7}},"s":{"0":1,"1":2,"2":2},"f":{"0":2},"b":{"0":[2]},"meta":{"lastBranch":1,"lastFunction":1,"lastStatement":3,"seen":{"s:6:16:25:Infinity":0,"f:6:16:6:17":0,"s:7:28:7:Infinity":1,"b:7:18:7:26":0,"s:9:2:22:Infinity":2}}}
,"/home/g0dsssp33d/work/projects/albion-market-insights/src/components/ui/sparkline.tsx": {"path":"/home/g0dsssp33d/work/projects/albion-market-insights/src/components/ui/sparkline.tsx","statementMap":{"0":{"start":{"line":10,"column":2},"end":{"line":10,"column":null}},"1":{"start":{"line":10,"column":32},"end":{"line":10,"column":null}},"2":{"start":{"line":12,"column":14},"end":{"line":12,"column":null}},"3":{"start":{"line":13,"column":14},"end":{"line":13,"column":null}},"4":{"start":{"line":14,"column":16},"end":{"line":14,"column":null}},"5":{"start":{"line":16,"column":16},"end":{"line":16,"column":null}},"6":{"start":{"line":17,"column":17},"end":{"line":17,"column":null}},"7":{"start":{"line":18,"column":18},"end":{"line":18,"column":null}},"8":{"start":{"line":20,"column":17},"end":{"line":24,"column":null}},"9":{"start":{"line":21,"column":14},"end":{"line":21,"column":null}},"10":{"start":{"line":22,"column":14},"end":{"line":22,"column":null}},"11":{"start":{"line":23,"column":4},"end":{"line":23,"column":null}},"12":{"start":{"line":26,"column":16},"end":{"line":26,"column":null}},"13":{"start":{"line":27,"column":22},"end":{"line":27,"column":null}},"14":{"start":{"line":29,"column":22},"end":{"line":33,"column":null}},"15":{"start":{"line":35,"column":2},"end":{"line":48,"column":null}}},"fnMap":{"0":{"name":"Sparkline","decl":{"start":{"line":9,"column":16},"end":{"line":9,"column":26}},"loc":{"start":{"line":9,"column":80},"end":{"line":52,"column":null}},"line":9},"1":{"name":"(anonymous_1)","decl":{"start":{"line":20,"column":26},"end":{"line":20,"column":27}},"loc":{"start":{"line":20,"column":34},"end":{"line":24,"column":5}},"line":20}},"branchMap":{"0":{"loc":{"start":{"line":9,"column":45},"end":{"line":9,"column":62}},"type":"default-arg","locations":[{"start":{"line":9,"column":53},"end":{"line":9,"column":62}}],"line":9},"1":{"loc":{"start":{"line":10,"column":2},"end":{"line":10,"column":null}},"type":"if","locations":[{"start":{"line":10,"column":2},"end":{"line":10,"column":null}},{"start":{},"end":{}}],"line":10},"2":{"loc":{"start":{"line":10,"column":6},"end":{"line":10,"column":32}},"type":"binary-expr","locations":[{"start":{"line":10,"column":6},"end":{"line":10,"column":15}},{"start":{"line":10,"column":15},"end":{"line":10,"column":32}}],"line":10},"3":{"loc":{"start":{"line":14,"column":16},"end":{"line":14,"column":null}},"type":"binary-expr","locations":[{"start":{"line":14,"column":16},"end"
[...]
:{"line":19,"column":45}},{"start":{"line":19,"column":45},"end":{"line":19,"column":null}}],"line":19},"1":{"loc":{"start":{"line":31,"column":22},"end":{"line":31,"column":null}},"type":"binary-expr","locations":[{"start":{"line":31,"column":22},"end":{"line":31,"column":50}},{"start":{"line":31,"column":50},"end":{"line":31,"column":null}}],"line":31},"2":{"loc":{"start":{"line":32,"column":22},"end":{"line":32,"column":null}},"type":"binary-expr","locations":[{"start":{"line":32,"column":22},"end":{"line":32,"column":50}},{"start":{"line":32,"column":50},"end":{"line":32,"column":null}}],"line":32},"3":{"loc":{"start":{"line":37,"column":4},"end":{"line":39,"column":null}},"type":"if","locations":[{"start":{"line":37,"column":4},"end":{"line":39,"column":null}},{"start":{},"end":{}}],"line":37},"4":{"loc":{"start":{"line":45,"column":6},"end":{"line":45,"column":null}},"type":"if","locations":[{"start":{"line":45,"column":6},"end":{"line":45,"column":null}},{"start":{},"end":{}}],"line":45},"5":{"loc":{"start":{"line":45,"column":10},"end":{"line":45,"column":68}},"type":"binary-expr","locations":[{"start":{"line":45,"column":10},"end":{"line":45,"column":41}},{"start":{"line":45,"column":41},"end":{"line":45,"column":68}}],"line":45},"6":{"loc":{"start":{"line":49,"column":4},"end":{"line":53,"column":null}},"type":"if","locations":[{"start":{"line":49,"column":4},"end":{"line":53,"column":null}},{"start":{},"end":{}}],"line":49},"7":{"loc":{"start":{"line":50,"column":6},"end":{"line":50,"column":null}},"type":"if","locations":[{"start":{"line":50,"column":6},"end":{"line":50,"column":null}},{"start":{},"end":{}}],"line":50},"8":{"loc":{"start":{"line":51,"column":6},"end":{"line":51,"column":null}},"type":"if","locations":[{"start":{"line":51,"column":6},"end":{"line":51,"column":null}},{"start":{},"end":{}}],"line":51},"9":{"loc":{"start":{"line":55,"column":4},"end":{"line":58,"column":null}},"type":"if","locations":[{"start":{"line":55,"column":4},"end":{"line":58,"column":null}},{"start":{},"end":{}}],"line":55},"10":{"loc":{"start":{"line":122,"column":15},"end":{"line":122,"column":null}},"type":"cond-expr","locations":[{"start":{"line":122,"column":32},"end":{"line":122,"column":43}},{"start":{"line":122,"column":46},"end":{"line":122,"column":null}}],"line":122},"11":{"loc":{"start":{"line":135,"column":8},"end":{"line":135,"column":null}},"type":"if","locations":[{"start":{"line":135,"column":8},"end":{"line":135,"column":null}},{"start":{},"end":{}}],"line":135},"12":{"loc":{"start":{"line":135,"column":12},"end":{"line":135,"column":62}},"type":"binary-expr","locations":[{"start":{"line":135,"column":12},"end":{"line":135,"column":27}},{"start":{"line":135,"column":31},"end":{"line":135,"column":62}}],"line":135},"13":{"loc":{"start":{"line":163,"column":4},"end":{"line":166,"column":null}},"type":"if","locations":[{"start":{"line":163,"column":4},"end":{"line":166,"column":null}},{"start":{},"end":{}}],"line":163},"14":{"loc":{"start":{"line":163,"column":8},"end":{"line":163,"column":40}},"type":"binary-expr","locations":[{"start":{"line":163,"column":8},"end":{"line":163,"column":18}},{"start":{"line":163,"column":8},"end":{"line":163,"column":40}}],"line":163},"15":{"loc":{"start":{"line":175,"column":8},"end":{"line":175,"column":null}},"type":"if","locations":[{"start":{"line":175,"column":8},"end":{"line":175,"column":null}},{"start":{},"end":{}}],"line":175},"16":{"loc":{"start":{"line":190,"column":8},"end":{"line":190,"column":null}},"type":"if","locations":[{"start":{"line":190,"column":8},"end":{"line":190,"column":null}},{"start":{},"end":{}}],"line":190},"17":{"loc":{"start":{"line":195,"column":6},"end":{"line":197,"column":null}},"type":"if","locations":[{"start":{"line":195,"column":6},"end":{"line":197,"column":null}},{"start":{},"end":{}}],"line":195},"18":{"loc":{"start":{"line":203,"column":24},"end":{"line":203,"column":null}},"type":"binary-expr","locations":[{"start":{"line":203,"column":24},"end":{"line":203,"column":46}},{"start":{"line":203,"column":46},"end":{"line":203,"column":null}}],"line":203},"19":{"loc":{"start":{"line":206,"column":20},"end":{"line":206,"column":null}},"type":"binary-expr","locations":[{"start":{"line":206,"column":20},"end":{"line":206,"column":43}},{"start":{"line":206,"column":47},"end":{"line":206,"column":null}}],"line":206},"20":{"loc":{"start":{"line":213,"column":15},"end":{"line":213,"column":null}},"type":"cond-expr","locations":[{"start":{"line":213,"column":25},"end":{"line":213,"column":62}},{"start":{"line":213,"column":62},"end":{"line":213,"column":null}}],"line":213},"21":{"loc":{"start":{"line":224,"column":25},"end":{"line":224,"column":34}},"type":"default-arg","locations":[{"start":{"line":224,"column":33},"end":{"line":224,"column":34}}],"line":224}},"s":{"0":5,"1":5,"2":5,"3":5,"4":5,"5":5,"6":45,"7":36,"8":36,"9":327,"10":327,"11":327,"12":327,"13":363,"14":1,"15":362,"16":362,"17":5,"18":1,"19":4,"20":358,"21":354,"22":309,"23":45,"24":2,"25":43,"26":47,"27":36,"28":36,"29":11,"30":5,"31":7,"32":7,"33":7,"34":62,"35":7,"36":11,"37":11,"38":29,"39":326,"40":326,"41":11,"42":29,"43":11,"44":10,"45":44,"46":44,"47":44,"48":41,"49":41,"50":57,"51":57,"52":57,"53":273,"54":273,"55":273,"56":273,"57":266,"58":266,"59":378,"60":378,"61":378,"62":0,"63":0,"64":0,"65":0,"66":273,"67":4,"68":4,"69":39,"70":273,"71":273,"72":4,"73":4,"74":273,"75":0,"76":4,"77":19,"78":19,"79":13,"80":13,"81":6,"82":6,"83":0,"84":6,"85":6,"86":6,"87":59,"88":44,"89":0,"90":44,"91":44,"92":0,"93":6,"94":5,"95":5,"96":5,"97":57,"98":57,"99":52,"100":5,"101":5,"102":5,"103":1,"104":4,"105":4,"106":5,"107":5,"108":5,"109":4,"110":4,"111":5,"112":5,"113":4,"114":4,"115":0,"116":0,"117":1,"118":1,"119":1,"120":1,"121":2,"122":0,"123":0,"124":19,"125":19,"126":19},"f":{"0":45,"1":36,"2":36,"3":327,"4":7,"5":11,"6":29,"7":29,"8":44,"9":57,"10":57,"11":273,"12":0,"13":0,"14":4,"15":39,"16":273,"17":273,"18":19,"19":0,"20":59,"21":44,"22":57,"23":5,"24":5,"25":5,"26":5,"27":1,"28":1,"29":1,"30":2,"31":0,"32":0},"b":{"0":[45,40,38],"1":[327,327],"2":[327,327],"3":[1,362],"4":[1,4],"5":[5,1],"6":[354,4],"7":[309,45],"8":[2,43],"9":[36,11],"10":[57,0],"11":[378,0],"12":[378,0],"13":[13,6],"14":[19,14],"15":[0,44],"16":[52,5],"17":[1,4],"18":[5,5],"19":[5,1],"20":[0,5],"21":[1]},"meta":{"lastBranch":22,"lastFunction":33,"lastStatement":127,"seen":{"s:10:17:10:Infinity":0,"s:11:20:11:Infinity":1,"s:13:26:13:Infinity":2,"s:14:35:14:Infinity":3,"s:15:34:15:Infinity":4,"s:16:35:16:Infinity":5,"f:18:9:18:21":0,"s:19:2:19:Infinity":6,"b:19:9:19:28:19:28:19:45:19:45:19:Infinity":0,"f:22:9:22:15":1,"s:23:2:23:Infinity":7,"f:23:21:23:32":2,"s:23:32:23:Infinity":8,"f:26:22:26:Infinity":3,"s:31:22:31:Infinity":9,"b:31:22:31:50:31:50:31:Infinity":1,"s:32:22:32:Infinity":10,"b:32:22:32:50:32:50:32:Infinity":2,"s:36:2:59:Infinity":11,"s:36:21:36:24":12,"b:37:4:39:Infinity:undefined:undefined:undefined:undefined":3,"s:37:4:39:Infinity":13,"s:38:6:38:Infinity":14,"s:42:4:47:Infinity":15,"s:43:6:43:Infinity":16,"b:45:6:45:Infinity:undefined:undefined:undefined:undefined":4,"s:45:6:45:Infinity":17,"b:45:10:45:41:45:41:45:68":5,"s:45:68:45:Infinity":18,"s:46:6:46:Infinity":19,"b:49:4:53:Infinity:undefined:undefined:undefined:undefined":6,"s:49:4:53:Infinity":20,"b:50:6:50:Infinity:undefined:undefined:undefined:undefined":7,"s:50:6:50:Infinity":21,"s:50:23:50:Infinity":22,"b:51:6:51:Infinity:undefined:undefined:undefined:undefined":8,"s:51:6:51:Infinity":23,"s:51:41:51:Infinity":24,"s:52:6:52:Infinity":25,"b:55:4:58:Infinity:undefined:undefined:undefined:undefined":9,"s:55:4:58:Infinity":26,"s:56:21:56:Infinity":27,"s:57:6:57:Infinity":28,"s:61:2:61:Infinity":29,"s:64:18:72:Infinity":30,"f:79:16:79:30":4,"s:80:24:80:26":31,"s:81:2:83:Infinity":32,"s:81:15:81:18":33,"s:82:4:82:Infinity":34,"s:84:2:84:Infinity":35,"f:87:22:87:Infinity":5,"s:91:23:91:Infinity":36,"s:92:14:92:Infinity":37,"f:94:17:94:Infinity":6,"s:95:4:98:Infinity":38,"s:96:16:96:Infinity":39,"s:97:6:97:Infinity":40,"s:101:18:103:Infinity":41,"f:103:4:103:10":7,"s:103:10:103:Infinity":42,"s:105:2:105:Infinity":43,"s:106:2:106:Infinity":44,"f:114:16:114:33":8,"s:115:27:115:Infinity":45,"s:116:16:116:103":46,"s:117:21:117:Infinity":47,"s:118:27:118:Infinity":48,"s:119:4:124:Infinity":49,"f:120:11:120:Infinity":9,"s:121:23:121:Infinity":50,"s:122:8:122:Infinity":51,"b:122:32:122:43:122:46:122:Infinity":10,"f:124:14:124:15":10,"s:124:45:124:Infinity":52,"f:127:16:127:34":11,"s:128:28:128:Infinity":53,"s:129:4:143:Infinity":54,"s:130:18:130:103":55,"s:131:23:131:Infinity":56,"s:132:29:132:Infinity":57,"s:133:6:140:Infinity":58,"s:134:23:134:Infinity":59,"b:135:8:135:Infinity:undefined:undefined:undefined:undefined":11,"s:135:8:135:Infinity":60,"b:135:12:135:27:135:31:135:62":12,"s:135:62:135:Infinity":61,"s:136:23:138:Infinity":62,"f:137:16:137:17":12,"s:137:26:137:Infinity":63,"f:138:15:138:20":13,"s:138:20:138:31":64,"s:139:8:139:Infinity":65,"s:144:4:144:Infinity":66,"f:147:16:147:32":14,"s:148:31:148:Infinity":67,"s:149:18:150:Infinity":68,"f:149:34:149:Infinity":15,"s:150:6:150:Infinity":69,"f:150:20:150:28":16,"s:150:28:150:Infinity":70,"f:150:28:150:40":17,"s:150:40:150:Infinity":71,"s:152:22:152:Infinity":72,"s:153:4:157:Infinity":73,"s:154:6:156:Infinity":74,"s:155:8:155:Infinity":75,"s:158:4:158:Infinity":76,"f:161:8:161:42":18,"s:162:10:162:Infinity":77,"b:163:4:166:Infinity:undefined:undefined:undefined:undefined":13,"s:163:4:166:Infinity":78,"b:163:8:163:18:163:8:163:40":14,"s:164:6:164:Infinity":79,"s:165:6:165:Infinity":80,"s:168:23:168:Infinity":81,"s:169:22:169:Infinity":82,"f:169:33:169:39":19,"s:169:39:169:59":83,"s:171:4:221:Infinity":84,"s:172:22:172:Infinity":85,"s:174:25:181:Infinity":86,"f:174:37:174:46":20,"s:174:46:181:Infinity":87,"f:174:46:174:Infinity":21,"b:175:8:175:Infinity:undefined:undefined:undefined:undefined":15,"s:175:8:175:Infinity":88,"s:175:39:175:Infinity":89,"s:176:8:180:Infinity":90,"s:177:10:177:Infinity":91,"s:179:10:179:Infinity":92,"s:183:27:183:Infinity":93,"s:184:6:184:Infinity":94,"s:187:19:187:Infinity":95,"s:188:30:193:Infinity":96,"f:188:57:188:Infinity":22,"s:189:20:189:57":97,"b:190:8:190:Infinity:undefined:undefined:undefined:undefined":16,"s:190:8:190:Infinity":98,"s:190:27:190:Infinity":99,"s:191:8:191:Infinity":100,"s:192:8:192:Infinity":101,"b:195:6:197:Infinity:undefined:undefined:undefined:undefined":17,"s:195:6:197:Infinity":102,"s:196:8:196:Infinity":103,"s:199:6:199:Infinity":104,"s:201:20:207:Infinity":105,"f:202:13:202:23":23,"s:202:13:202:Infinity":106,"f:203:16:203:24":24,"s:203:24:203:Infinity":107,"b:203:24:203:46:203:46:203:Infinity":18,"f:204:13:204:22":25,"s:204:22:207:Infinity":108,"b:206:20:206:43:206:47:206:Infinity":19,"s:209:25:209:Infinity":109,"s:211:21:214:Infinity":110,"f:211:31:211:Infinity":26,"s:212:24:212:Infinity":111,"s:213:8:213:Infinity":112,"b:213:25:213:62:213:62:213:Infinity":20,"s:216:6:216:Infinity":113,"s:217:6:217:Infinity":114,"s:219:6:219:Infinity":115,"s:220:6:220:Infinity":116,"f:224:8:224:25":27,"b:224:33:224:34":21,"s:225:18:225:Infinity":117,"s:226:4:228:Infinity":118,"f:227:12:227:13":28,"s:227:22:227:55":119,"f:231:8:231:45":29,"s:232:4:232:Infinity":120,"f:235:8:235:38":30,"s:236:4:236:Infinity":121,"f:239:8:239:18":31,"s:240:4:240:Infinity":122,"f:243:8:243:20":32,"s:244:4:244:Infinity":123,"s:110:2:110:Infinity":124,"s:111:2:111:Infinity":125,"s:112:2:112:Infinity":126}}}
,"/home/g0dsssp33d/work/projects/albion-market-insights/src/services/market.api.types.ts": {"path":"/home/g0dsssp33d/work/projects/albion-market-insights/src/services/market.api.types.ts","statementMap":{"0":{"start":{"line":4,"column":40},"end":{"line":8,"column":null}},"1":{"start":{"line":10,"column":41},"end":{"line":15,"column":null}},"2":{"start":{"line":19,"column":39},"end":{"line":27,"column":null}},"3":{"start":{"line":31,"column":43},"end":{"line":37,"column":null}},"4":{"start":{"line":40,"column":20},"end":{"line":40,"column":41}},"5":{"start":{"line":41,"column":19},"end":{"line":41,"column":39}},"6":{"start":{"line":42,"column":17},"end":{"line":42,"column":null}},"7":{"start":{"line":43,"column":24},"end":{"line":43,"column":null}},"8":{"start":{"line":46,"column":20},"end":{"line":46,"column":null}},"9":{"start":{"line":47,"column":15},"end":{"line":47,"column":null}},"10":{"start":{"line":49,"column":2},"end":{"line":61,"column":null}}},"fnMap":{"0":{"name":"albionRecordToMarketItem","decl":{"start":{"line":39,"column":16},"end":{"line":39,"column":41}},"loc":{"start":{"line":39,"column":66},"end":{"line":62,"column":null}},"line":39}},"branchMap":{"0":{"loc":{"start":{"line":43,"column":24},"end":{"line":43,"column":null}},"type":"cond-expr","locations":[{"start":{"line":43,"column":39},"end":{"line":43,"column":67}},{"start":{"line":43,"column":67},"end":{"line":43,"column":null}}],"line":43},"1":{"loc":{"start":{"line":47,"column":15},"end":{"line":47,"column":null}},"type":"cond-expr","locations":[{"start":{"line":47,"column":27},"end":{"line":47,"column":39}},{"start":{"line":47,"column":42},"end":{"line":47,"column":null}}],"line":47},"2":{"loc":{"start":{"line":57,"column":15},"end":{"line":57,"column":null}},"type":"binary-expr","locations":[{"start":{"line":57,"column":15},"end":{"line":57,"column":41}},{"start":{"line":57,"column":45},"end":{"line":57,"column":null}}],"line":57},"3":{"loc":{"start":{"line":59,"column":13},"end":{"line":59,"column":null}},"type":"binary-expr","locations":[{"start":{"line":59,"column":13},"end":{"line":59,"column":39}},{"start":{"line":59,"column":43},"end":{"line":59,"column":null}}],"line":59}},"s":{"0":5,"1":5,"2":5,"3":5,"4":5,"5":5,"6":5,"7":5,"8":5,"9":5,"10":5},"f":{"0":5},"b":{"0":[5,0],"1":[5,0],"2":[5,0],"3":[5,0]},"meta":{"lastBranch":4,"lastFunction":1,"lastStatement":11,"seen":{"s:4:40:8:Infinity":0,"s:10:41:15:Infinity":1,"s:19:39:27:Infinity":2,"s:31:43:37:Infinity":3,"f:39:16:39:41":0,"s:40:20:40:41":4,"s:41:19:41:39":5,"s:42:17:42:Infinity":6,"s:43:24:43:Infinity":7,"b:43:39:43:67:43:67:43:Infinity":0,"s:46:20:46:Infinity":8,"s:47:15:47:Infinity":9,"b:47:27:47:39:47:42:47:Infinity":1,"s:49:2:61:Infinity":10,"b:57:15:57:41:57:45:57:Infinity":2,"b:59:13:59:39:59:43:59:Infinity":3}}}
,"/home/g0dsssp33d/work/projects/albion-market-insights/src/services/market.cache.ts": {"path":"/home/g0dsssp33d/work/projects/albion-market-insights/src/services/market.cache.ts","statementMap":{"0":{"start":{"line":4,"column":25},"end":{"line":4,"column":null}},"1":{"start":{"line":5,"column":28},"end":{"line":5,"column":36}},"2":{"start":{"line":7,"column":30},"end":{"line":19,"column":null}},"3":{"start":{"line":21,"column":31},"end":{"line":25,"column":null}},"4":{"start":{"line":30,"column":2},"end":{"line":38,"column":null}},"5":{"start":{"line":31,"column":16},"end":{"line":31,"column":null}},"6":{"start":{"line":32,"column":4},"end":{"line":32,"column":null}},"7":{"start":{"line":32,"column":14},"end":{"line":32,"column":null}},"8":{"start":{"line":33,"column":19},"end":{"line":33,"column":null}},"9":{"start":{"line":34,"column":4},"end":{"line":34,"column":null}},"10":{"start":{"line":34,"column":25},"end":{"line":34,"column":null}},"11":{"start":{"line":35,"column":4},"end":{"line":35,"column":null}},"12":{"start":{"line":37,"column":4},"end":{"line":37,"column":null}},"13":{"start":{"line":42,"column":14},"end":{"line":42,"column":null}},"14":{"start":{"line":43,"column":34},"end":{"line":47,"column":null}},"15":{"start":{"line":48,"column":2},"end":{"line":52,"column":null}},"16":{"start":{"line":49,"column":4},"end":{"line":49,"column":null}},"17":{"start":{"line":56,"column":2},"end":{"line":56,"column":null}}},"fnMap":{"0":{"name":"readCache","decl":{"start":{"line":29,"column":16},"end":{"line":29,"column":null}},"loc":{"start":{"line":29,"column":16},"end":{"line":39,"column":null}},"line":29},"1":{"name":"writeCache","decl":{"start":{"line":41,"column":16},"end":{"line":41,"column":27}},"loc":{"start":{"line":41,"column":45},"end":{"line":53,"column":null}},"line":41},"2":{"name":"isCacheValid","decl":{"start":{"line":55,"column":16},"end":{"line":55,"column":29}},"loc":{"start":{"line":55,"column":52},"end":{"line":57,"column":null}},"line":55}},"branchMap":{"0":{"loc":{"start":{"line":32,"column":4},"end":{"line":32,"column":null}},"type":"if","locations":[{"start":{"line":32,"column":4},"end":{"line":32,"column":null}},{"start":{},"end":{}}],"line":32},"1":{"loc":{"start":{"line":34,"column":4},"end":{"line":34,"column":null}},"type":"if","locations":[{"start":{"line":34,"column":4},"end":{"line":34,"column":null}},{"start":{},"end":{}}],"line":34}},"s":{"0":5,"1":5,"2":5,"3":5,"4":26,"5":26,"6":26,"7":6,"8":20,"9":20,"10":2,"11":17,"12":1,"13":11,"14":11,"15":11,"16":11,"17":17},"f":{"0":26,"1":11,"2":17},"b":{"0":[6,20],"1":[2,18]},"meta":{"lastBranch":2,"lastFunction":3,"lastStatement":18,"seen":{"s:4:25:4:Infinity":0,"s:5:28:5:36":1,"s:7:30:19:Infinity":2,"s:21:31:25:Infinity":3,"f:29:16:29:Infinity":0,"s:30:2:38:Infinity":4,"s:31:16:31:Infinity":5,"b:32:4:32:Infinity:undefined:undefined:undefined:undefined":0,"s:32:4:32:Infinity":6,"s:32:14:32:Infinity":7,"s:33:19:33:Infinity":8,"b:34:4:34:Infinity:undefined:undefined:undefined:undefined":1,"s:34:4:34:Infinity":9,"s:34:25:34:Infinity":10,"s:35:4:35:Infinity":11,"s:37:4:37:Infinity":12,"f:41:16:41:27":1,"s:42:14:42:Infinity":13,"s:43:34:47:Infinity":14,"s:48:2:52:Infinity":15,"s:49:4:49:Infinity":16,"f:55:16:55:29":2,"s:56:2:56:Infinity":17}}}
,"/home/g0dsssp33d/work/projects/albion-market-insights/src/services/market.mock.ts": {"path":"/home/g0dsssp33d/work/projects/albion-market-insights/src/services/market.mock.ts","statementMap":{"0":{"start":{"line":10,"column":4},"end":{"line":10,"column":null}},"1":{"start":{"line":14,"column":4},"end":{"line":14,"column":null}},"2":{"start":{"line":18,"column":4},"end":{"line":18,"column":null}},"3":{"start":{"line":22,"column":4},"end":{"line":22,"column":null}},"4":{"start":{"line":26,"column":4},"end":{"line":26,"column":null}},"5":{"start":{"line":30,"column":4},"end":{"line":30,"column":null}},"6":{"start":{"line":7,"column":2},"end":{"line":7,"column":null}}},"fnMap":{"0":{"name":"(anonymous_0)","decl":{"start":{"line":9,"column":8},"end":{"line":9,"column":42}},"loc":{"start":{"line":9,"column":42},"end":{"line":11,"column":null}},"line":9},"1":{"name":"(anonymous_1)","decl":{"start":{"line":13,"column":8},"end":{"line":13,"column":25}},"loc":{"start":{"line":13,"column":59},"end":{"line":15,"column":null}},"line":13},"2":{"name":"(anonymous_2)","decl":{"start":{"line":17,"column":8},"end":{"line":17,"column":45}},"loc":{"start":{"line":17,"column":45},"end":{"line":19,"column":null}},"line":17},"3":{"name":"(anonymous_3)","decl":{"start":{"line":21,"column":8},"end":{"line":21,"column":38}},"loc":{"start":{"line":21,"column":38},"end":{"line":23,"column":null}},"line":21},"4":{"name":"(anonymous_4)","decl":{"start":{"line":25,"column":8},"end":{"line":25,"column":18}},"loc":{"start":{"line":25,"column":47},"end":{"line":27,"column":null}},"line":25},"5":{"name":"(anonymous_5)","decl":{"start":{"line":29,"column":8},"end":{"line":29,"column":20}},"loc":{"start":{"line":29,"column":47},"end":{"line":31,"column":null}},"line":29}},"branchMap":{"0":{"loc":{"start":{"line":13,"column":25},"end":{"line":13,"column":34}},"type":"default-arg","locations":[{"start":{"line":13,"column":33},"end":{"line":13,"column":34}}],"line":13}},"s":{"0":3,"1":3,"2":1,"3":8,"4":2,"5":1,"6":29},"f":{"0":3,"1":3,"2":1,"3":8,"4":2,"5":1},"b":{"0":[3]},"meta":{"lastBranch":1,"lastFunction":6,"lastStatement":7,"seen":{"f:9:8:9:42":0,"s:10:4:10:Infinity":0,"f:13:8:13:25":1,"b:13:33:13:34":0,"s:14:4:14:Infinity":1,"f:17:8:17:45":2,"s:18:4:18:Infinity":2,"f:21:8:21:38":3,"s:22:4:22:Infinity":3,"f:25:8:25:18":4,"s:26:4:26:Infinity":4,"f:29:8:29:20":5,"s:30:4:30:Infinity":5,"s:7:2:7:Infinity":6}}}
}
